#
# A fatal error has been detected by the Java Runtime Environment:
#
#  EXCEPTION_ACCESS_VIOLATION (0xc0000005) at pc=0x00007ffc8dc7c4c0, pid=6528, tid=29800
#
# JRE version: OpenJDK Runtime Environment Temurin-21.0.6+7 (21.0.6+7) (build 21.0.6+7-LTS)
# Java VM: OpenJDK 64-Bit Server VM Temurin-21.0.6+7 (21.0.6+7-LTS, mixed mode, sharing, tiered, compressed oops, compressed class ptrs, parallel gc, windows-amd64)
# Problematic frame:
# V  [jvm.dll+0xc4c0]
#
# No core dump will be written. Minidumps are not enabled by default on client versions of Windows
#
# If you would like to submit a bug report, please visit:
#   https://github.com/adoptium/adoptium-support/issues
#

---------------  S U M M A R Y ------------

Command Line: --add-modules=ALL-SYSTEM --add-opens=java.base/java.util=ALL-UNNAMED --add-opens=java.base/java.lang=ALL-UNNAMED --add-opens=java.base/sun.nio.fs=ALL-UNNAMED -Declipse.application=org.eclipse.jdt.ls.core.id1 -Dosgi.bundles.defaultStartLevel=4 -Declipse.product=org.eclipse.jdt.ls.core.product -Djava.import.generatesMetadataFilesAtProjectRoot=false -DDetectVMInstallationsJob.disabled=true -Dfile.encoding=utf8 -XX:+UseParallelGC -XX:GCTimeRatio=4 -XX:AdaptiveSizePolicyWeight=90 -Dsun.zip.disableMemoryMapping=true -Xmx1G -Xms100m -Xlog:disable -javaagent:c:\Users\Glenn\.vscode\extensions\redhat.java-1.40.0-win32-x64\lombok\lombok-1.18.36.jar -XX:+HeapDumpOnOutOfMemoryError -XX:HeapDumpPath=c:\Users\Glenn\AppData\Roaming\Code\User\workspaceStorage\11c030f12d8044a9e2eeb2ca89decf77\redhat.java -Daether.dependencyCollector.impl=bf c:\Users\Glenn\.vscode\extensions\redhat.java-1.40.0-win32-x64\server\plugins\org.eclipse.equinox.launcher_1.6.1000.v20250131-0606.jar -configuration c:\Users\Glenn\AppData\Roaming\Code\User\globalStorage\redhat.java\1.40.0\config_win -data c:\Users\Glenn\AppData\Roaming\Code\User\workspaceStorage\11c030f12d8044a9e2eeb2ca89decf77\redhat.java\jdt_ws --pipe=\\.\pipe\lsp-c1d7b657107aade684a06914a9148bd6-sock

Host: AMD Ryzen 7 7700 8-Core Processor              , 16 cores, 31G,  Windows 11 , 64 bit Build 26100 (10.0.26100.3323)
Time: Sat Mar 15 17:10:33 2025 Malay Peninsula Standard Time elapsed time: 146020.590940 seconds (1d 16h 33m 40s)

---------------  T H R E A D  ---------------

Current thread (0x000002b17795e530):  WorkerThread "GC Thread#8"    [id=29800, stack(0x000000c646900000,0x000000c646a00000) (1024K)]

Stack: [0x000000c646900000,0x000000c646a00000],  sp=0x000000c6469ff618,  free space=1021k
Native frames: (J=compiled Java code, j=interpreted, Vv=VM code, C=native code)
V  [jvm.dll+0xc4c0]


siginfo: EXCEPTION_ACCESS_VIOLATION (0xc0000005), reading address 0xffffffffffffffff


Registers:
RAX=0x0e00000000000000, RBX=0x00000000cb88e000, RCX=0x000002b12f103861, RDX=0x00000000cb88e000
RSP=0x000000c6469ff618, RBP=0x00000000cb88dffc, RSI=0x000002b11a71b000, RDI=0x00000000cb88dff8
R8 =0x000002b12f103861, R9 =0x0000000000000000, R10=0x0000000000000001, R11=0x00000000cb88dfe8
R12=0x00007ffc8e8a8130, R13=0x000000c6469ff868, R14=0x0000000000000000, R15=0x00007ffc8e6fb3e0
RIP=0x00007ffc8dc7c4c0, EFLAGS=0x0000000000010246

XMM[0]=0x00007ffc00000800 0x00000000c24c3388
XMM[1]=0x0000000000000000 0x000000c6484ff0a0
XMM[2]=0x0000000000000000 0x0000000000000000
XMM[3]=0x0000000000000000 0x0000000000000000
XMM[4]=0x0000000000000000 0x0000000000000000
XMM[5]=0x0000000000000000 0x0000000000000000
XMM[6]=0x0000000000000000 0x0000000000000000
XMM[7]=0x0000000000000000 0x0000000000000000
XMM[8]=0x0000000000000000 0x0000000000000000
XMM[9]=0x0000000000000000 0x0000000000000000
XMM[10]=0x0000000000000000 0x0000000000000000
XMM[11]=0x0000000000000000 0x0000000000000000
XMM[12]=0x0000000000000000 0x0000000000000000
XMM[13]=0x0000000000000000 0x0000000000000000
XMM[14]=0x0000000000000000 0x0000000000000000
XMM[15]=0x0000000000000000 0x0000000000000000
  MXCSR=0x00001fa0


Register to memory mapping:

RAX=0x0e00000000000000 is an unknown value
RBX=
[error occurred during error reporting (printing register info), id 0xc0000005, EXCEPTION_ACCESS_VIOLATION (0xc0000005) at pc=0x00007ffc8e34cb83]
RCX=0x000002b12f103861 is pointing into metadata
RDX=
[error occurred during error reporting (printing register info, attempt 2), id 0xc0000005, EXCEPTION_ACCESS_VIOLATION (0xc0000005) at pc=0x00007ffc8e34cb83]
RSP=0x000000c6469ff618 points into unknown readable memory: 0x00007ffc8e34a66e | 6e a6 34 8e fc 7f 00 00
RBP=0x00000000cb88dffc is pointing into object: [Lorg.gradle.internal.util.Trie; 
{0x00000000cb88dfe8} - klass: 'org/gradle/internal/util/Trie'[]
 - length: 1
RSI=0x000002b11a71b000 points into unknown readable memory: 0x000002b118200150 | 50 01 20 18 b1 02 00 00
RDI=0x00000000cb88dff8 is pointing into object: [Lorg.gradle.internal.util.Trie; 
{0x00000000cb88dfe8} - klass: 'org/gradle/internal/util/Trie'[]
 - length: 1
R8 =0x000002b12f103861 is pointing into metadata
R9 =0x0 is null
R10=0x0000000000000001 is an unknown value
R11=0x00000000cb88dfe8 is an oop: [Lorg.gradle.internal.util.Trie; 
{0x00000000cb88dfe8} - klass: 'org/gradle/internal/util/Trie'[]
 - length: 1
R12=0x00007ffc8e8a8130 jvm.dll
R13=0x000000c6469ff868 points into unknown readable memory: 0x00007ffc8e6fbe30 | 30 be 6f 8e fc 7f 00 00
R14=0x0 is null
R15=0x00007ffc8e6fb3e0 jvm.dll

Top of Stack: (sp=0x000000c6469ff618)
0x000000c6469ff618:   00007ffc8e34a66e 00000000cb88dfd0
0x000000c6469ff628:   00000000cb88dfc8 000002b130786288
0x000000c6469ff638:   00007ffc8e34874e 00000000cb88e000
0x000000c6469ff648:   00007ffc8e3727c9 0000000000000000
0x000000c6469ff658:   00007ffc8e8a8130 00007ffc8e6fb3e0
0x000000c6469ff668:   0000000000000000 00000000cb88dfe8
0x000000c6469ff678:   00007ffc8e373279 000002b11a71b000
0x000000c6469ff688:   00007ffc8e65a4e0 0000000000001be3
0x000000c6469ff698:   0000000000000000 0000000000000000
0x000000c6469ff6a8:   0000000000000000 0000000000000000
0x000000c6469ff6b8:   0000000000000000 00007ffc8e6fb3e0
0x000000c6469ff6c8:   000002b11a694990 ffffffff00000004
0x000000c6469ff6d8:   000002b11a71b000 000002b17a3f1eb0
0x000000c6469ff6e8:   000002b1775c99a8 00000000000003d8
0x000000c6469ff6f8:   0000000000000000 000002b1775c95c0
0x000000c6469ff708:   00007ffc8e372998 000002b17a3f1eb0
0x000000c6469ff718:   000000c6469ff790 000002b177093aa0
0x000000c6469ff728:   000002b11a71b000 000000c6469ff780
0x000000c6469ff738:   000000c6469ff790 0000000000000000
0x000000c6469ff748:   0000000000000000 000002b1775c95d0
0x000000c6469ff758:   00007ffc8e376e2d 000002b11a71b000
0x000000c6469ff768:   000002b1775c95c0 000002b177093aa0
0x000000c6469ff778:   000002b11a71b000 00007ffc8e6fbc50
0x000000c6469ff788:   000002b11a71b000 00007ffc8e698bd8
0x000000c6469ff798:   000000c6469ff780 0000000000000000
0x000000c6469ff7a8:   00007ffc8e37e401 0000000000000001
0x000000c6469ff7b8:   000002b17a3f1eb0 000000c6452fed80
0x000000c6469ff7c8:   000002b11a71b000 000002b17deff668
0x000000c6469ff7d8:   00007ffc8e4cc25f 000002b17deff3a0
0x000000c6469ff7e8:   0000000000000593 000000c6469ff868
0x000000c6469ff7f8:   000002b11a71b000 0000000000000000
0x000000c6469ff808:   0000000000000000 0000000000000070 

Instructions: (pc=0x00007ffc8dc7c4c0)
0x00007ffc8dc7c3c0:   a9 00 f0 00 00 75 43 0f b6 c2 24 30 3c 30 74 3a
0x00007ffc8dc7c3d0:   48 c1 e9 0c 48 8d 05 55 eb 93 00 83 e1 0f 8b 0c
0x00007ffc8dc7c3e0:   88 48 8b 05 90 f3 cc 00 48 d3 ea 48 c1 e8 15 48
0x00007ffc8dc7c3f0:   c1 ea 15 48 23 d0 48 8b 05 73 f6 cc 00 48 8b 48
0x00007ffc8dc7c400:   60 48 8b 04 d1 48 85 c0 75 08 48 8b 05 67 f6 cc
0x00007ffc8dc7c410:   00 c3 48 8b 05 57 f6 cc 00 c3 cc cc cc cc cc cc
0x00007ffc8dc7c420:   8b 05 92 cb c1 00 c3 cc cc cc cc cc cc cc cc cc
0x00007ffc8dc7c430:   0f b6 05 e3 e1 c1 00 48 8b d1 84 c0 74 16 44 8b
0x00007ffc8dc7c440:   41 08 8b 0d 70 cb c1 00 49 d3 e0 4c 03 05 5e cb
0x00007ffc8dc7c450:   c1 00 eb 04 4c 8b 41 08 45 8b 48 08 45 85 c9 7e
0x00007ffc8dc7c460:   0e 41 f6 c1 01 75 53 41 c1 f9 03 49 63 c1 c3 79
0x00007ffc8dc7c470:   49 84 c0 41 b8 0c 00 00 00 8b 05 a9 dc c1 00 b9
0x00007ffc8dc7c480:   10 00 00 00 41 0f 45 c8 ff c8 4c 63 c0 41 8b c1
0x00007ffc8dc7c490:   48 c1 f8 10 0f b6 c0 48 63 14 11 41 8b c9 83 e1
0x00007ffc8dc7c4a0:   3f 48 d3 e2 49 8d 0c 10 49 f7 d0 48 03 c1 49 c1
0x00007ffc8dc7c4b0:   e8 03 48 c1 e8 03 49 23 c0 c3 49 8b 00 49 8b c8
0x00007ffc8dc7c4c0:   48 ff a0 00 01 00 00 cc cc cc cc cc cc cc cc cc
0x00007ffc8dc7c4d0:   8b 44 24 30 45 03 c9 44 2b 4c 24 28 83 c0 0b 44
0x00007ffc8dc7c4e0:   03 ca 45 03 c8 41 03 c1 c3 cc cc cc cc cc cc cc
0x00007ffc8dc7c4f0:   4c 8b c2 48 8b d1 45 8b 48 08 45 85 c9 7e 0e 41
0x00007ffc8dc7c500:   f6 c1 01 75 56 41 c1 f9 03 49 63 c1 c3 79 4c 80
0x00007ffc8dc7c510:   3d 04 e1 c1 00 00 b8 0c 00 00 00 b9 10 00 00 00
0x00007ffc8dc7c520:   0f 45 c8 8b 05 ff db c1 00 ff c8 4c 63 c0 41 8b
0x00007ffc8dc7c530:   c1 48 c1 f8 10 48 63 14 11 41 8b c9 83 e1 3f 0f
0x00007ffc8dc7c540:   b6 c0 48 d3 e2 49 8d 0c 10 49 f7 d0 48 03 c1 49
0x00007ffc8dc7c550:   c1 e8 03 48 c1 e8 03 49 23 c0 c3 49 8b 00 49 8b
0x00007ffc8dc7c560:   c8 48 ff a0 00 01 00 00 cc cc cc cc cc cc cc cc
0x00007ffc8dc7c570:   48 8b 41 08 0f b7 48 2c 0f b7 40 2a 83 c0 48 03
0x00007ffc8dc7c580:   c1 c3 cc cc cc cc cc cc cc cc cc cc cc cc cc cc
0x00007ffc8dc7c590:   48 89 5c 24 08 57 48 83 ec 20 0f b6 05 1f de cc
0x00007ffc8dc7c5a0:   00 48 8b fa 48 8b d9 84 c0 74 4f 48 85 15 b6 d5
0x00007ffc8dc7c5b0:   cc 00 74 38 48 8b ca e8 94 d4 8c 00 48 8b d0 48 


Stack slot to memory mapping:

stack at sp + 0 slots: 0x00007ffc8e34a66e jvm.dll
stack at sp + 1 slots: 0x00000000cb88dfd0 is an oop: org.gradle.internal.util.Trie 
{0x00000000cb88dfd0} - klass: 'org/gradle/internal/util/Trie'
 - ---- fields (total size 3 words):
 - private final 'c' 'C' @12  r 114 (0x0072)
 - private final 'terminal' 'Z' @14  false (0x00)
 - private final 'transitions' '[Lorg/gradle/internal/util/Trie;' @16  a 'org/gradle/internal/util/Trie'[1] {0x00000000cb88dfe8} (0xcb88dfe8)
stack at sp + 2 slots: 0x00000000cb88dfc8 is pointing into object: [Lorg.gradle.internal.util.Trie; 
{0x00000000cb88dfb8} - klass: 'org/gradle/internal/util/Trie'[]
 - length: 1
stack at sp + 3 slots: 0x000002b130786288 is pointing into metadata
stack at sp + 4 slots: 0x00007ffc8e34874e jvm.dll
stack at sp + 5 slots: 
[error occurred during error reporting (inspecting top of stack), id 0xc0000005, EXCEPTION_ACCESS_VIOLATION (0xc0000005) at pc=0x00007ffc8e34cb83]
stack at sp + 6 slots: 0x00007ffc8e3727c9 jvm.dll
stack at sp + 7 slots: 0x0 is null


---------------  P R O C E S S  ---------------

Threads class SMR info:
_java_thread_list=0x000002b177c194b0, length=109, elements={
0x000002b11a67a540, 0x000002b12ea6cc80, 0x000002b171174380, 0x000002b171176290,
0x000002b171179810, 0x000002b17117a6c0, 0x000002b17117d3a0, 0x000002b1711821f0,
0x000002b1711db160, 0x000002b1712f7b70, 0x000002b171485040, 0x000002b17781cfc0,
0x000002b1712fdad0, 0x000002b17782cf90, 0x000002b17782d5f0, 0x000002b177c77170,
0x000002b177a464b0, 0x000002b177ea6340, 0x000002b177ea5620, 0x000002b177ea69d0,
0x000002b17a3f1eb0, 0x000002b17a3f4ca0, 0x000002b17a3f3f80, 0x000002b17a3f4610,
0x000002b17a3f2bd0, 0x000002b17a3f5330, 0x000002b17a3f2540, 0x000002b17a3f3260,
0x000002b17a3f7a90, 0x000002b17a3f94d0, 0x000002b17a3f8120, 0x000002b17a3f87b0,
0x000002b17a3f66e0, 0x000002b17a3f6d70, 0x000002b17a3f8e40, 0x000002b17a3f7400,
0x000002b17a3f6050, 0x000002b17a84f710, 0x000002b17a850430, 0x000002b17a850ac0,
0x000002b177bfa190, 0x000002b17ca63f50, 0x000002b17ca60ad0, 0x000002b177bf4c40,
0x000002b17a854c60, 0x000002b17a852b90, 0x000002b17a853220, 0x000002b17ca5e370,
0x000002b17ca5f090, 0x000002b17ca62ba0, 0x000002b17ca63230, 0x000002b17ca5fdb0,
0x000002b17ca5dce0, 0x000002b17ca638c0, 0x000002b177bf5960, 0x000002b177bf52d0,
0x000002b177bf3890, 0x000002b177bf3f20, 0x000002b177bf6680, 0x000002b177bf45b0,
0x000002b177bf5ff0, 0x000002b177bf3200, 0x000002b177bf9b00, 0x000002b177bf80c0,
0x000002b177bf7a30, 0x000002b177bf8de0, 0x000002b177bf8750, 0x000002b177bf6d10,
0x000002b177bfa820, 0x000002b177bf73a0, 0x000002b17a84d640, 0x000002b17a84fda0,
0x000002b17a84e9f0, 0x000002b17a84f080, 0x000002b17a84dcd0, 0x000002b17a84e360,
0x000002b17a853f40, 0x000002b17a852500, 0x000002b17a8538b0, 0x000002b17a8545d0,
0x000002b17a851e70, 0x000002b177ea76f0, 0x000002b177ea7d80, 0x000002b177ea8410,
0x000002b177ea5cb0, 0x000002b17a3f38f0, 0x000002b17a3f59c0, 0x000002b17ca5cfc0,
0x000002b17cd9e3a0, 0x000002b17cd9bc40, 0x000002b17cd9dd10, 0x000002b17cd9ea30,
0x000002b17cd9c960, 0x000002b17cd9cff0, 0x000002b17cd9c2d0, 0x000002b17cd9b5b0,
0x000002b17cd9f0c0, 0x000002b17cd9f750, 0x000002b17cd9fde0, 0x000002b17cda0470,
0x000002b17cda0b00, 0x000002b17cd9d680, 0x000002b17cda1190, 0x000002b17cda2bd0,
0x000002b17cda1820, 0x000002b17cda2540, 0x000002b10aa11e70, 0x000002b10aa11150,
0x000002b17a818540
}

Java Threads: ( => current thread )
  0x000002b11a67a540 JavaThread "main"                              [_thread_blocked, id=27620, stack(0x000000c644f00000,0x000000c645000000) (1024K)]
  0x000002b12ea6cc80 JavaThread "Reference Handler"          daemon [_thread_blocked, id=23976, stack(0x000000c645300000,0x000000c645400000) (1024K)]
  0x000002b171174380 JavaThread "Finalizer"                  daemon [_thread_blocked, id=18768, stack(0x000000c645400000,0x000000c645500000) (1024K)]
  0x000002b171176290 JavaThread "Signal Dispatcher"          daemon [_thread_blocked, id=21540, stack(0x000000c645500000,0x000000c645600000) (1024K)]
  0x000002b171179810 JavaThread "Attach Listener"            daemon [_thread_blocked, id=5704, stack(0x000000c645600000,0x000000c645700000) (1024K)]
  0x000002b17117a6c0 JavaThread "Service Thread"             daemon [_thread_blocked, id=29664, stack(0x000000c645700000,0x000000c645800000) (1024K)]
  0x000002b17117d3a0 JavaThread "Monitor Deflation Thread"   daemon [_thread_blocked, id=27516, stack(0x000000c645800000,0x000000c645900000) (1024K)]
  0x000002b1711821f0 JavaThread "C2 CompilerThread0"         daemon [_thread_blocked, id=5344, stack(0x000000c645900000,0x000000c645a00000) (1024K)]
  0x000002b1711db160 JavaThread "C1 CompilerThread0"         daemon [_thread_blocked, id=20328, stack(0x000000c645a00000,0x000000c645b00000) (1024K)]
  0x000002b1712f7b70 JavaThread "Common-Cleaner"             daemon [_thread_blocked, id=29224, stack(0x000000c645b00000,0x000000c645c00000) (1024K)]
  0x000002b171485040 JavaThread "Notification Thread"        daemon [_thread_blocked, id=29364, stack(0x000000c646100000,0x000000c646200000) (1024K)]
  0x000002b17781cfc0 JavaThread "Active Thread: Equinox Container: 70a08179-72e2-4baa-84ac-ea6a4d7708a2"        [_thread_blocked, id=28624, stack(0x000000c646800000,0x000000c646900000) (1024K)]
  0x000002b1712fdad0 JavaThread "Refresh Thread: Equinox Container: 70a08179-72e2-4baa-84ac-ea6a4d7708a2" daemon [_thread_blocked, id=28796, stack(0x000000c645e00000,0x000000c645f00000) (1024K)]
  0x000002b17782cf90 JavaThread "Framework Event Dispatcher: Equinox Container: 70a08179-72e2-4baa-84ac-ea6a4d7708a2" daemon [_thread_blocked, id=19400, stack(0x000000c645f00000,0x000000c646000000) (1024K)]
  0x000002b17782d5f0 JavaThread "Start Level: Equinox Container: 70a08179-72e2-4baa-84ac-ea6a4d7708a2" daemon [_thread_blocked, id=30664, stack(0x000000c646000000,0x000000c646100000) (1024K)]
  0x000002b177c77170 JavaThread "Bundle File Closer"         daemon [_thread_blocked, id=30072, stack(0x000000c646a00000,0x000000c646b00000) (1024K)]
  0x000002b177a464b0 JavaThread "SCR Component Actor"        daemon [_thread_blocked, id=808, stack(0x000000c646d00000,0x000000c646e00000) (1024K)]
  0x000002b177ea6340 JavaThread "Worker-JM"                         [_thread_blocked, id=2516, stack(0x000000c647500000,0x000000c647600000) (1024K)]
  0x000002b177ea5620 JavaThread "JNA Cleaner"                daemon [_thread_blocked, id=29956, stack(0x000000c647600000,0x000000c647700000) (1024K)]
  0x000002b177ea69d0 JavaThread "Java indexing"              daemon [_thread_blocked, id=3832, stack(0x000000c647e00000,0x000000c647f00000) (1024K)]
  0x000002b17a3f1eb0 JavaThread "Thread-2"                   daemon [_thread_in_native, id=12488, stack(0x000000c648400000,0x000000c648500000) (1024K)]
  0x000002b17a3f4ca0 JavaThread "Thread-3"                   daemon [_thread_in_native, id=14080, stack(0x000000c648600000,0x000000c648700000) (1024K)]
  0x000002b17a3f3f80 JavaThread "Thread-4"                   daemon [_thread_in_native, id=27928, stack(0x000000c648700000,0x000000c648800000) (1024K)]
  0x000002b17a3f4610 JavaThread "Thread-5"                   daemon [_thread_in_native, id=15888, stack(0x000000c648800000,0x000000c648900000) (1024K)]
  0x000002b17a3f2bd0 JavaThread "Thread-6"                   daemon [_thread_in_native, id=29020, stack(0x000000c648900000,0x000000c648a00000) (1024K)]
  0x000002b17a3f5330 JavaThread "Thread-7"                   daemon [_thread_in_native, id=30128, stack(0x000000c648a00000,0x000000c648b00000) (1024K)]
  0x000002b17a3f2540 JavaThread "Thread-8"                   daemon [_thread_in_native, id=8032, stack(0x000000c648b00000,0x000000c648c00000) (1024K)]
  0x000002b17a3f3260 JavaThread "Thread-9"                   daemon [_thread_in_native, id=28816, stack(0x000000c648c00000,0x000000c648d00000) (1024K)]
  0x000002b17a3f7a90 JavaThread "Thread-10"                  daemon [_thread_in_native, id=26876, stack(0x000000c648d00000,0x000000c648e00000) (1024K)]
  0x000002b17a3f94d0 JavaThread "Thread-11"                  daemon [_thread_in_native, id=15848, stack(0x000000c648e00000,0x000000c648f00000) (1024K)]
  0x000002b17a3f8120 JavaThread "Thread-12"                  daemon [_thread_in_native, id=27864, stack(0x000000c648f00000,0x000000c649000000) (1024K)]
  0x000002b17a3f87b0 JavaThread "Thread-13"                  daemon [_thread_in_native, id=15152, stack(0x000000c649000000,0x000000c649100000) (1024K)]
  0x000002b17a3f66e0 JavaThread "Thread-14"                  daemon [_thread_in_native, id=28860, stack(0x000000c649100000,0x000000c649200000) (1024K)]
  0x000002b17a3f6d70 JavaThread "Thread-15"                  daemon [_thread_in_native, id=19812, stack(0x000000c649200000,0x000000c649300000) (1024K)]
  0x000002b17a3f8e40 JavaThread "Thread-16"                  daemon [_thread_in_native, id=30276, stack(0x000000c649300000,0x000000c649400000) (1024K)]
  0x000002b17a3f7400 JavaThread "Thread-17"                  daemon [_thread_in_native, id=23140, stack(0x000000c649400000,0x000000c649500000) (1024K)]
  0x000002b17a3f6050 JavaThread "Thread-18"                  daemon [_thread_in_native, id=29760, stack(0x000000c649500000,0x000000c649600000) (1024K)]
  0x000002b17a84f710 JavaThread "pool-2-thread-1"                   [_thread_blocked, id=23496, stack(0x000000c649600000,0x000000c649700000) (1024K)]
  0x000002b17a850430 JavaThread "WorkspaceEventsHandler"            [_thread_blocked, id=9880, stack(0x000000c649800000,0x000000c649900000) (1024K)]
  0x000002b17a850ac0 JavaThread "pool-1-thread-1"                   [_thread_blocked, id=27068, stack(0x000000c649900000,0x000000c649a00000) (1024K)]
  0x000002b177bfa190 JavaThread "Timer-0"                           [_thread_blocked, id=23728, stack(0x000000c64cc00000,0x000000c64cd00000) (1024K)]
  0x000002b17ca63f50 JavaThread "Cleaner-0"                  daemon [_thread_blocked, id=17104, stack(0x000000c64d400000,0x000000c64d500000) (1024K)]
  0x000002b17ca60ad0 JavaThread "Worker-9"                          [_thread_blocked, id=11240, stack(0x000000c644e00000,0x000000c644f00000) (1024K)]
  0x000002b177bf4c40 JavaThread "Worker-10"                         [_thread_blocked, id=29216, stack(0x000000c646e00000,0x000000c646f00000) (1024K)]
  0x000002b17a854c60 JavaThread "Java Debug Server"          daemon [_thread_in_native, id=25624, stack(0x000000c644c00000,0x000000c644d00000) (1024K)]
  0x000002b17a852b90 JavaThread "RxSchedulerPurge-1"         daemon [_thread_blocked, id=28732, stack(0x000000c647000000,0x000000c647100000) (1024K)]
  0x000002b17a853220 JavaThread "RxCachedWorkerPoolEvictor-1" daemon [_thread_blocked, id=22752, stack(0x000000c647100000,0x000000c647200000) (1024K)]
  0x000002b17ca5e370 JavaThread "ForkJoinPool.commonPool-worker-36" daemon [_thread_blocked, id=31696, stack(0x000000c644d00000,0x000000c644e00000) (1024K)]
  0x000002b17ca5f090 JavaThread "ForkJoinPool.commonPool-worker-38" daemon [_thread_blocked, id=28136, stack(0x000000c646f00000,0x000000c647000000) (1024K)]
  0x000002b17ca62ba0 JavaThread "ForkJoinPool.commonPool-worker-39" daemon [_thread_blocked, id=39432, stack(0x000000c647900000,0x000000c647a00000) (1024K)]
  0x000002b17ca63230 JavaThread "ForkJoinPool.commonPool-worker-40" daemon [_thread_blocked, id=28824, stack(0x000000c647200000,0x000000c647300000) (1024K)]
  0x000002b17ca5fdb0 JavaThread "ForkJoinPool.commonPool-worker-41" daemon [_thread_blocked, id=39824, stack(0x000000c647a00000,0x000000c647b00000) (1024K)]
  0x000002b17ca5dce0 JavaThread "ForkJoinPool.commonPool-worker-42" daemon [_thread_blocked, id=30952, stack(0x000000c647b00000,0x000000c647c00000) (1024K)]
  0x000002b17ca638c0 JavaThread "ForkJoinPool.commonPool-worker-43" daemon [_thread_blocked, id=27152, stack(0x000000c647c00000,0x000000c647d00000) (1024K)]
  0x000002b177bf5960 JavaThread "ForkJoinPool.commonPool-worker-44" daemon [_thread_blocked, id=22700, stack(0x000000c647d00000,0x000000c647e00000) (1024K)]
  0x000002b177bf52d0 JavaThread "ForkJoinPool.commonPool-worker-45" daemon [_thread_blocked, id=29304, stack(0x000000c647f00000,0x000000c648000000) (1024K)]
  0x000002b177bf3890 JavaThread "ForkJoinPool.commonPool-worker-46" daemon [_thread_blocked, id=29972, stack(0x000000c648000000,0x000000c648100000) (1024K)]
  0x000002b177bf3f20 JavaThread "ForkJoinPool.commonPool-worker-47" daemon [_thread_blocked, id=28044, stack(0x000000c648100000,0x000000c648200000) (1024K)]
  0x000002b177bf6680 JavaThread "ForkJoinPool.commonPool-worker-48" daemon [_thread_blocked, id=448, stack(0x000000c648300000,0x000000c648400000) (1024K)]
  0x000002b177bf45b0 JavaThread "ForkJoinPool.commonPool-worker-49" daemon [_thread_blocked, id=4872, stack(0x000000c648500000,0x000000c648600000) (1024K)]
  0x000002b177bf5ff0 JavaThread "ForkJoinPool.commonPool-worker-50" daemon [_thread_blocked, id=40724, stack(0x000000c649700000,0x000000c649800000) (1024K)]
  0x000002b177bf3200 JavaThread "Compiler Source File Reader" daemon [_thread_blocked, id=16144, stack(0x000000c646700000,0x000000c646800000) (1024K)]
  0x000002b177bf9b00 JavaThread "Compiler Processing Task"   daemon [_thread_blocked, id=23308, stack(0x000000c647700000,0x000000c647800000) (1024K)]
  0x000002b177bf80c0 JavaThread "LocalFile Deleter"          daemon [_thread_blocked, id=35052, stack(0x000000c648200000,0x000000c648300000) (1024K)]
  0x000002b177bf7a30 JavaThread "LocalFile Deleter"          daemon [_thread_blocked, id=30692, stack(0x000000c649b00000,0x000000c649c00000) (1024K)]
  0x000002b177bf8de0 JavaThread "LocalFile Deleter"          daemon [_thread_blocked, id=31032, stack(0x000000c649c00000,0x000000c649d00000) (1024K)]
  0x000002b177bf8750 JavaThread "LocalFile Deleter"          daemon [_thread_blocked, id=32376, stack(0x000000c649d00000,0x000000c649e00000) (1024K)]
  0x000002b177bf6d10 JavaThread "LocalFile Deleter"          daemon [_thread_blocked, id=33256, stack(0x000000c649e00000,0x000000c649f00000) (1024K)]
  0x000002b177bfa820 JavaThread "LocalFile Deleter"          daemon [_thread_blocked, id=32336, stack(0x000000c649f00000,0x000000c64a000000) (1024K)]
  0x000002b177bf73a0 JavaThread "LocalFile Deleter"          daemon [_thread_blocked, id=34920, stack(0x000000c64a000000,0x000000c64a100000) (1024K)]
  0x000002b17a84d640 JavaThread "LocalFile Deleter"          daemon [_thread_blocked, id=39740, stack(0x000000c64a100000,0x000000c64a200000) (1024K)]
  0x000002b17a84fda0 JavaThread "LocalFile Deleter"          daemon [_thread_blocked, id=31104, stack(0x000000c64a200000,0x000000c64a300000) (1024K)]
  0x000002b17a84e9f0 JavaThread "LocalFile Deleter"          daemon [_thread_blocked, id=39660, stack(0x000000c64a300000,0x000000c64a400000) (1024K)]
  0x000002b17a84f080 JavaThread "LocalFile Deleter"          daemon [_thread_blocked, id=32048, stack(0x000000c64a400000,0x000000c64a500000) (1024K)]
  0x000002b17a84dcd0 JavaThread "LocalFile Deleter"          daemon [_thread_blocked, id=16164, stack(0x000000c64a500000,0x000000c64a600000) (1024K)]
  0x000002b17a84e360 JavaThread "LocalFile Deleter"          daemon [_thread_blocked, id=29164, stack(0x000000c64a600000,0x000000c64a700000) (1024K)]
  0x000002b17a853f40 JavaThread "LocalFile Deleter"          daemon [_thread_blocked, id=34960, stack(0x000000c64a700000,0x000000c64a800000) (1024K)]
  0x000002b17a852500 JavaThread "LocalFile Deleter"          daemon [_thread_blocked, id=35636, stack(0x000000c64a800000,0x000000c64a900000) (1024K)]
  0x000002b17a8538b0 JavaThread "LocalFile Deleter"          daemon [_thread_blocked, id=2388, stack(0x000000c64a900000,0x000000c64aa00000) (1024K)]
  0x000002b17a8545d0 JavaThread "Compiler Source File Reader" daemon [_thread_blocked, id=10808, stack(0x000000c64aa00000,0x000000c64ab00000) (1024K)]
  0x000002b17a851e70 JavaThread "Compiler Source File Reader" daemon [_thread_blocked, id=35176, stack(0x000000c64ab00000,0x000000c64ac00000) (1024K)]
  0x000002b177ea76f0 JavaThread "Compiler Source File Reader" daemon [_thread_blocked, id=23892, stack(0x000000c64ac00000,0x000000c64ad00000) (1024K)]
  0x000002b177ea7d80 JavaThread "Compiler Source File Reader" daemon [_thread_blocked, id=36320, stack(0x000000c64ad00000,0x000000c64ae00000) (1024K)]
  0x000002b177ea8410 JavaThread "Compiler Source File Reader" daemon [_thread_blocked, id=35204, stack(0x000000c64ae00000,0x000000c64af00000) (1024K)]
  0x000002b177ea5cb0 JavaThread "Compiler Source File Reader" daemon [_thread_blocked, id=35332, stack(0x000000c64af00000,0x000000c64b000000) (1024K)]
  0x000002b17a3f38f0 JavaThread "Compiler Source File Reader" daemon [_thread_blocked, id=28536, stack(0x000000c64b000000,0x000000c64b100000) (1024K)]
  0x000002b17a3f59c0 JavaThread "Compiler Source File Reader" daemon [_thread_blocked, id=40300, stack(0x000000c64b100000,0x000000c64b200000) (1024K)]
  0x000002b17ca5cfc0 JavaThread "Compiler Source File Reader" daemon [_thread_blocked, id=37824, stack(0x000000c64b200000,0x000000c64b300000) (1024K)]
  0x000002b17cd9e3a0 JavaThread "Compiler Source File Reader" daemon [_thread_blocked, id=5976, stack(0x000000c64b300000,0x000000c64b400000) (1024K)]
  0x000002b17cd9bc40 JavaThread "Compiler Source File Reader" daemon [_thread_blocked, id=38280, stack(0x000000c64b400000,0x000000c64b500000) (1024K)]
  0x000002b17cd9dd10 JavaThread "Compiler Source File Reader" daemon [_thread_blocked, id=33036, stack(0x000000c64b500000,0x000000c64b600000) (1024K)]
  0x000002b17cd9ea30 JavaThread "Compiler Source File Reader" daemon [_thread_blocked, id=31684, stack(0x000000c64b600000,0x000000c64b700000) (1024K)]
  0x000002b17cd9c960 JavaThread "Compiler Class File Writer" daemon [_thread_blocked, id=23200, stack(0x000000c64b800000,0x000000c64b900000) (1024K)]
  0x000002b17cd9cff0 JavaThread "Compiler Class File Writer" daemon [_thread_blocked, id=17600, stack(0x000000c64b900000,0x000000c64ba00000) (1024K)]
  0x000002b17cd9c2d0 JavaThread "Compiler Class File Writer" daemon [_thread_blocked, id=29012, stack(0x000000c64ba00000,0x000000c64bb00000) (1024K)]
  0x000002b17cd9b5b0 JavaThread "Compiler Class File Writer" daemon [_thread_blocked, id=39084, stack(0x000000c64bc00000,0x000000c64bd00000) (1024K)]
  0x000002b17cd9f0c0 JavaThread "Compiler Class File Writer" daemon [_thread_blocked, id=38216, stack(0x000000c64bd00000,0x000000c64be00000) (1024K)]
  0x000002b17cd9f750 JavaThread "Compiler Class File Writer" daemon [_thread_blocked, id=29700, stack(0x000000c64be00000,0x000000c64bf00000) (1024K)]
  0x000002b17cd9fde0 JavaThread "Compiler Class File Writer" daemon [_thread_blocked, id=32880, stack(0x000000c64bf00000,0x000000c64c000000) (1024K)]
  0x000002b17cda0470 JavaThread "Compiler Class File Writer" daemon [_thread_blocked, id=31168, stack(0x000000c64c000000,0x000000c64c100000) (1024K)]
  0x000002b17cda0b00 JavaThread "Compiler Class File Writer" daemon [_thread_blocked, id=19220, stack(0x000000c64c100000,0x000000c64c200000) (1024K)]
  0x000002b17cd9d680 JavaThread "Compiler Class File Writer" daemon [_thread_blocked, id=9444, stack(0x000000c64c200000,0x000000c64c300000) (1024K)]
  0x000002b17cda1190 JavaThread "Compiler Class File Writer" daemon [_thread_blocked, id=22796, stack(0x000000c64c300000,0x000000c64c400000) (1024K)]
  0x000002b17cda2bd0 JavaThread "Compiler Class File Writer" daemon [_thread_blocked, id=27172, stack(0x000000c64c400000,0x000000c64c500000) (1024K)]
  0x000002b17cda1820 JavaThread "Compiler Class File Writer" daemon [_thread_blocked, id=36568, stack(0x000000c64c500000,0x000000c64c600000) (1024K)]
  0x000002b17cda2540 JavaThread "Compiler Class File Writer" daemon [_thread_blocked, id=36248, stack(0x000000c64c600000,0x000000c64c700000) (1024K)]
  0x000002b10aa11e70 JavaThread "ForkJoinPool.commonPool-worker-51" daemon [_thread_blocked, id=36984, stack(0x000000c647800000,0x000000c647900000) (1024K)]
  0x000002b10aa11150 JavaThread "Worker-11"                         [_thread_blocked, id=19796, stack(0x000000c64b700000,0x000000c64b800000) (1024K)]
  0x000002b17a818540 JavaThread "C2 CompilerThread1"         daemon [_thread_blocked, id=23968, stack(0x000000c649a00000,0x000000c649b00000) (1024K)]
Total: 109

Other Threads:
  0x000002b12ea54050 VMThread "VM Thread"                           [id=30620, stack(0x000000c645200000,0x000000c645300000) (1024K)]
  0x000002b11a6e7770 WatcherThread "VM Periodic Task Thread"        [id=30308, stack(0x000000c645100000,0x000000c645200000) (1024K)]
  0x000002b11a69a9e0 WorkerThread "GC Thread#0"                     [id=28604, stack(0x000000c645000000,0x000000c645100000) (1024K)]
  0x000002b1775e0580 WorkerThread "GC Thread#1"                     [id=26552, stack(0x000000c646200000,0x000000c646300000) (1024K)]
  0x000002b1775e1130 WorkerThread "GC Thread#2"                     [id=29608, stack(0x000000c646300000,0x000000c646400000) (1024K)]
  0x000002b17741e540 WorkerThread "GC Thread#3"                     [id=3576, stack(0x000000c646400000,0x000000c646500000) (1024K)]
  0x000002b17741e8e0 WorkerThread "GC Thread#4"                     [id=7664, stack(0x000000c646500000,0x000000c646600000) (1024K)]
  0x000002b17741ec80 WorkerThread "GC Thread#5"                     [id=28456, stack(0x000000c646600000,0x000000c646700000) (1024K)]
  0x000002b17145af10 WorkerThread "GC Thread#6"                     [id=14752, stack(0x000000c645c00000,0x000000c645d00000) (1024K)]
  0x000002b17145b2b0 WorkerThread "GC Thread#7"                     [id=15728, stack(0x000000c645d00000,0x000000c645e00000) (1024K)]
=>0x000002b17795e530 WorkerThread "GC Thread#8"                     [id=29800, stack(0x000000c646900000,0x000000c646a00000) (1024K)]
  0x000002b178089900 WorkerThread "GC Thread#9"                     [id=18788, stack(0x000000c646b00000,0x000000c646c00000) (1024K)]
  0x000002b177f04a50 WorkerThread "GC Thread#10"                    [id=28948, stack(0x000000c646c00000,0x000000c646d00000) (1024K)]
  0x000002b177f06010 WorkerThread "GC Thread#11"                    [id=2760, stack(0x000000c647300000,0x000000c647400000) (1024K)]
  0x000002b177f04df0 WorkerThread "GC Thread#12"                    [id=18452, stack(0x000000c647400000,0x000000c647500000) (1024K)]
Total: 15

Threads with active compile tasks:
C2 CompilerThread0  146020612 18930       4       org.eclipse.jdt.internal.core.JavaElementInfo::getChildren (4 bytes)
C1 CompilerThread0  146020612 18929       3       java.lang.invoke.LambdaForm$MH/0x000002b130940c00::invoke (42 bytes)
Total: 2

VM state: at safepoint (normal execution)

VM Mutex/Monitor currently owned by a thread:  ([mutex/lock_event])
[0x00007ffc8e91e380] Threads_lock - owner thread: 0x000002b12ea54050
[0x00007ffc8e91e480] Heap_lock - owner thread: 0x000002b1711821f0

Heap address: 0x00000000c0000000, size: 1024 MB, Compressed Oops mode: 32-bit

CDS archive(s) mapped at: [0x000002b12f000000-0x000002b12fba0000-0x000002b12fba0000), size 12189696, SharedBaseAddress: 0x000002b12f000000, ArchiveRelocationMode: 1.
Compressed class space mapped at: 0x000002b130000000-0x000002b170000000, reserved size: 1073741824
Narrow klass base: 0x000002b12f000000, Narrow klass shift: 0, Narrow klass range: 0x100000000

GC Precious Log:
 CardTable entry size: 512
 CPUs: 16 total, 16 available
 Memory: 31894M
 Large Page Support: Disabled
 NUMA Support: Disabled
 Compressed Oops: Enabled (32-bit)
 Alignments: Space 512K, Generation 512K, Heap 2M
 Heap Min Capacity: 100M
 Heap Initial Capacity: 100M
 Heap Max Capacity: 1G
 Pre-touch: Disabled
 Parallel Workers: 13

Heap:
 PSYoungGen      total 3072K, used 416K [0x00000000eab00000, 0x00000000eb080000, 0x0000000100000000)
  eden space 2560K, 0% used [0x00000000eab00000,0x00000000eab00000,0x00000000ead80000)
  from space 512K, 81% used [0x00000000eb000000,0x00000000eb068000,0x00000000eb080000)
  to   space 1536K, 0% used [0x00000000ead80000,0x00000000ead80000,0x00000000eaf00000)
 ParOldGen       total 491008K, used 490903K [0x00000000c0000000, 0x00000000ddf80000, 0x00000000eab00000)
  object space 491008K, 99% used [0x00000000c0000000,0x00000000ddf65cc0,0x00000000ddf80000)
 Metaspace       used 92792K, committed 94528K, reserved 1179648K
  class space    used 10088K, committed 10880K, reserved 1048576K

Card table byte_map: [0x000002b11a020000,0x000002b11a230000] _byte_map_base: 0x000002b119a20000

Marking Bits: (ParMarkBitMap*) 0x00007ffc8e923260
 Begin Bits: [0x000002b12c870000, 0x000002b12d870000)
 End Bits:   [0x000002b12d870000, 0x000002b12e870000)

Polling page: 0x000002b1184a0000

Metaspace:

Usage:
  Non-class:     80.77 MB used.
      Class:      9.85 MB used.
       Both:     90.62 MB used.

Virtual space:
  Non-class space:      128.00 MB reserved,      81.69 MB ( 64%) committed,  2 nodes.
      Class space:        1.00 GB reserved,      10.62 MB (  1%) committed,  1 nodes.
             Both:        1.12 GB reserved,      92.31 MB (  8%) committed. 

Chunk freelists:
   Non-Class:  13.64 MB
       Class:  5.34 MB
        Both:  18.98 MB

MaxMetaspaceSize: unlimited
CompressedClassSpaceSize: 1.00 GB
Initial GC threshold: 21.00 MB
Current GC threshold: 125.44 MB
CDS: on
 - commit_granule_bytes: 65536.
 - commit_granule_words: 8192.
 - virtual_space_node_default_size: 8388608.
 - enlarge_chunks_in_place: 1.
 - use_allocation_guard: 0.


Internal statistics:

num_allocs_failed_limit: 9.
num_arena_births: 1674.
num_arena_deaths: 14.
num_vsnodes_births: 3.
num_vsnodes_deaths: 0.
num_space_committed: 1477.
num_space_uncommitted: 0.
num_chunks_returned_to_freelist: 23.
num_chunks_taken_from_freelist: 5943.
num_chunk_merges: 15.
num_chunk_splits: 3687.
num_chunks_enlarged: 2132.
num_inconsistent_stats: 0.

CodeHeap 'non-profiled nmethods': size=119168Kb used=17874Kb max_used=17874Kb free=101293Kb
 bounds [0x000002b125410000, 0x000002b126590000, 0x000002b12c870000]
CodeHeap 'profiled nmethods': size=119104Kb used=43700Kb max_used=43700Kb free=75403Kb
 bounds [0x000002b11d870000, 0x000002b120320000, 0x000002b124cc0000]
CodeHeap 'non-nmethods': size=7488Kb used=1572Kb max_used=3279Kb free=5915Kb
 bounds [0x000002b124cc0000, 0x000002b125000000, 0x000002b125410000]
 total_blobs=18000 nmethods=17126 adapters=771
 compilation: enabled
              stopped_count=0, restarted_count=0
 full_count=0

Compilation events (20 events):
Event: 146020.281 Thread 0x000002b1711821f0 nmethod 18920 0x000002b12657f910 code [0x000002b12657fb00, 0x000002b1265800f0]
Event: 146020.281 Thread 0x000002b1711821f0 18921       4       org.eclipse.core.runtime.Assert::isTrue (7 bytes)
Event: 146020.281 Thread 0x000002b1711821f0 nmethod 18921 0x000002b126580410 code [0x000002b1265805a0, 0x000002b126580628]
Event: 146020.288 Thread 0x000002b17a818540 nmethod 18901 0x000002b126580710 code [0x000002b126580ac0, 0x000002b126582b08]
Event: 146020.514 Thread 0x000002b17a818540 18922       4       org.eclipse.jdt.internal.compiler.lookup.BinaryTypeBinding::genericTypeSignature (28 bytes)
Event: 146020.516 Thread 0x000002b17a818540 nmethod 18922 0x000002b126584410 code [0x000002b1265845e0, 0x000002b126584848]
Event: 146020.543 Thread 0x000002b1711db160 18923       3       java.util.ImmutableCollections$List12::<init> (21 bytes)
Event: 146020.543 Thread 0x000002b1711db160 nmethod 18923 0x000002b120318c90 code [0x000002b120318e80, 0x000002b1203193f0]
Event: 146020.561 Thread 0x000002b1711db160 18924   !   3       org.eclipse.core.internal.events.NotificationManager::notify (144 bytes)
Event: 146020.562 Thread 0x000002b1711db160 nmethod 18924 0x000002b120319610 code [0x000002b120319940, 0x000002b12031aae0]
Event: 146020.571 Thread 0x000002b1711db160 18925       3       org.eclipse.jdt.internal.compiler.parser.Parser::setMethodsFullRecovery (9 bytes)
Event: 146020.571 Thread 0x000002b1711db160 nmethod 18925 0x000002b12031b410 code [0x000002b12031b5a0, 0x000002b12031b6c0]
Event: 146020.571 Thread 0x000002b1711db160 18926       3       org.eclipse.jdt.internal.compiler.parser.Parser::setStatementsRecovery (21 bytes)
Event: 146020.572 Thread 0x000002b1711db160 nmethod 18926 0x000002b12031b790 code [0x000002b12031b940, 0x000002b12031baa0]
Event: 146020.572 Thread 0x000002b1711db160 18927       3       org.eclipse.jdt.internal.core.util.ReferenceInfoAdapter::acceptAnnotationTypeReference (1 bytes)
Event: 146020.572 Thread 0x000002b1711db160 nmethod 18927 0x000002b12031bb90 code [0x000002b12031bd20, 0x000002b12031be28]
Event: 146020.572 Thread 0x000002b1711db160 18928       3       java.lang.invoke.LambdaForm$MH/0x000002b130940800::invoke (42 bytes)
Event: 146020.572 Thread 0x000002b1711db160 nmethod 18928 0x000002b12031bf10 code [0x000002b12031c1a0, 0x000002b12031cf20]
Event: 146020.572 Thread 0x000002b1711db160 18929       3       java.lang.invoke.LambdaForm$MH/0x000002b130940c00::invoke (42 bytes)
Event: 146020.573 Thread 0x000002b1711821f0 18930       4       org.eclipse.jdt.internal.core.JavaElementInfo::getChildren (4 bytes)

GC Heap History (20 events):
Event: 146020.002 GC heap after
{Heap after GC invocations=1412 (full 4):
 PSYoungGen      total 3072K, used 512K [0x00000000eab00000, 0x00000000eaf80000, 0x0000000100000000)
  eden space 2560K, 0% used [0x00000000eab00000,0x00000000eab00000,0x00000000ead80000)
  from space 512K, 100% used [0x00000000eae00000,0x00000000eae80000,0x00000000eae80000)
  to   space 1024K, 0% used [0x00000000eae80000,0x00000000eae80000,0x00000000eaf80000)
 ParOldGen       total 487936K, used 487806K [0x00000000c0000000, 0x00000000ddc80000, 0x00000000eab00000)
  object space 487936K, 99% used [0x00000000c0000000,0x00000000ddc5f980,0x00000000ddc80000)
 Metaspace       used 92729K, committed 94464K, reserved 1179648K
  class space    used 10088K, committed 10880K, reserved 1048576K
}
Event: 146020.007 GC heap before
{Heap before GC invocations=1413 (full 4):
 PSYoungGen      total 3072K, used 3072K [0x00000000eab00000, 0x00000000eaf80000, 0x0000000100000000)
  eden space 2560K, 100% used [0x00000000eab00000,0x00000000ead80000,0x00000000ead80000)
  from space 512K, 100% used [0x00000000eae00000,0x00000000eae80000,0x00000000eae80000)
  to   space 1024K, 0% used [0x00000000eae80000,0x00000000eae80000,0x00000000eaf80000)
 ParOldGen       total 487936K, used 487806K [0x00000000c0000000, 0x00000000ddc80000, 0x00000000eab00000)
  object space 487936K, 99% used [0x00000000c0000000,0x00000000ddc5f980,0x00000000ddc80000)
 Metaspace       used 92750K, committed 94528K, reserved 1179648K
  class space    used 10088K, committed 10880K, reserved 1048576K
}
Event: 146020.007 GC heap after
{Heap after GC invocations=1413 (full 4):
 PSYoungGen      total 3584K, used 800K [0x00000000eab00000, 0x00000000eaf80000, 0x0000000100000000)
  eden space 2560K, 0% used [0x00000000eab00000,0x00000000eab00000,0x00000000ead80000)
  from space 1024K, 78% used [0x00000000eae80000,0x00000000eaf48000,0x00000000eaf80000)
  to   space 1024K, 0% used [0x00000000ead80000,0x00000000ead80000,0x00000000eae80000)
 ParOldGen       total 487936K, used 487924K [0x00000000c0000000, 0x00000000ddc80000, 0x00000000eab00000)
  object space 487936K, 99% used [0x00000000c0000000,0x00000000ddc7d110,0x00000000ddc80000)
 Metaspace       used 92750K, committed 94528K, reserved 1179648K
  class space    used 10088K, committed 10880K, reserved 1048576K
}
Event: 146020.236 GC heap before
{Heap before GC invocations=1414 (full 4):
 PSYoungGen      total 3584K, used 3360K [0x00000000eab00000, 0x00000000eaf80000, 0x0000000100000000)
  eden space 2560K, 100% used [0x00000000eab00000,0x00000000ead80000,0x00000000ead80000)
  from space 1024K, 78% used [0x00000000eae80000,0x00000000eaf48000,0x00000000eaf80000)
  to   space 1024K, 0% used [0x00000000ead80000,0x00000000ead80000,0x00000000eae80000)
 ParOldGen       total 487936K, used 487924K [0x00000000c0000000, 0x00000000ddc80000, 0x00000000eab00000)
  object space 487936K, 99% used [0x00000000c0000000,0x00000000ddc7d110,0x00000000ddc80000)
 Metaspace       used 92755K, committed 94528K, reserved 1179648K
  class space    used 10088K, committed 10880K, reserved 1048576K
}
Event: 146020.236 GC heap after
{Heap after GC invocations=1414 (full 4):
 PSYoungGen      total 3584K, used 384K [0x00000000eab00000, 0x00000000eaf80000, 0x0000000100000000)
  eden space 2560K, 0% used [0x00000000eab00000,0x00000000eab00000,0x00000000ead80000)
  from space 1024K, 37% used [0x00000000ead80000,0x00000000eade0000,0x00000000eae80000)
  to   space 1024K, 0% used [0x00000000eae80000,0x00000000eae80000,0x00000000eaf80000)
 ParOldGen       total 488448K, used 487948K [0x00000000c0000000, 0x00000000ddd00000, 0x00000000eab00000)
  object space 488448K, 99% used [0x00000000c0000000,0x00000000ddc83110,0x00000000ddd00000)
 Metaspace       used 92755K, committed 94528K, reserved 1179648K
  class space    used 10088K, committed 10880K, reserved 1048576K
}
Event: 146020.267 GC heap before
{Heap before GC invocations=1415 (full 4):
 PSYoungGen      total 3584K, used 2943K [0x00000000eab00000, 0x00000000eaf80000, 0x0000000100000000)
  eden space 2560K, 99% used [0x00000000eab00000,0x00000000ead7ffe8,0x00000000ead80000)
  from space 1024K, 37% used [0x00000000ead80000,0x00000000eade0000,0x00000000eae80000)
  to   space 1024K, 0% used [0x00000000eae80000,0x00000000eae80000,0x00000000eaf80000)
 ParOldGen       total 488448K, used 487948K [0x00000000c0000000, 0x00000000ddd00000, 0x00000000eab00000)
  object space 488448K, 99% used [0x00000000c0000000,0x00000000ddc83110,0x00000000ddd00000)
 Metaspace       used 92756K, committed 94528K, reserved 1179648K
  class space    used 10088K, committed 10880K, reserved 1048576K
}
Event: 146020.268 GC heap after
{Heap after GC invocations=1415 (full 4):
 PSYoungGen      total 3072K, used 416K [0x00000000eab00000, 0x00000000eaf00000, 0x0000000100000000)
  eden space 2560K, 0% used [0x00000000eab00000,0x00000000eab00000,0x00000000ead80000)
  from space 512K, 81% used [0x00000000eae80000,0x00000000eaee8000,0x00000000eaf00000)
  to   space 512K, 0% used [0x00000000eae00000,0x00000000eae00000,0x00000000eae80000)
 ParOldGen       total 488448K, used 488036K [0x00000000c0000000, 0x00000000ddd00000, 0x00000000eab00000)
  object space 488448K, 99% used [0x00000000c0000000,0x00000000ddc99110,0x00000000ddd00000)
 Metaspace       used 92756K, committed 94528K, reserved 1179648K
  class space    used 10088K, committed 10880K, reserved 1048576K
}
Event: 146020.272 GC heap before
{Heap before GC invocations=1416 (full 4):
 PSYoungGen      total 3072K, used 2976K [0x00000000eab00000, 0x00000000eaf00000, 0x0000000100000000)
  eden space 2560K, 100% used [0x00000000eab00000,0x00000000ead80000,0x00000000ead80000)
  from space 512K, 81% used [0x00000000eae80000,0x00000000eaee8000,0x00000000eaf00000)
  to   space 512K, 0% used [0x00000000eae00000,0x00000000eae00000,0x00000000eae80000)
 ParOldGen       total 488448K, used 488036K [0x00000000c0000000, 0x00000000ddd00000, 0x00000000eab00000)
  object space 488448K, 99% used [0x00000000c0000000,0x00000000ddc99110,0x00000000ddd00000)
 Metaspace       used 92757K, committed 94528K, reserved 1179648K
  class space    used 10088K, committed 10880K, reserved 1048576K
}
Event: 146020.272 GC heap after
{Heap after GC invocations=1416 (full 4):
 PSYoungGen      total 3072K, used 192K [0x00000000eab00000, 0x00000000eaf00000, 0x0000000100000000)
  eden space 2560K, 0% used [0x00000000eab00000,0x00000000eab00000,0x00000000ead80000)
  from space 512K, 37% used [0x00000000eae00000,0x00000000eae30000,0x00000000eae80000)
  to   space 512K, 0% used [0x00000000eae80000,0x00000000eae80000,0x00000000eaf00000)
 ParOldGen       total 488448K, used 488140K [0x00000000c0000000, 0x00000000ddd00000, 0x00000000eab00000)
  object space 488448K, 99% used [0x00000000c0000000,0x00000000ddcb3110,0x00000000ddd00000)
 Metaspace       used 92757K, committed 94528K, reserved 1179648K
  class space    used 10088K, committed 10880K, reserved 1048576K
}
Event: 146020.277 GC heap before
{Heap before GC invocations=1417 (full 4):
 PSYoungGen      total 3072K, used 2752K [0x00000000eab00000, 0x00000000eaf00000, 0x0000000100000000)
  eden space 2560K, 100% used [0x00000000eab00000,0x00000000ead80000,0x00000000ead80000)
  from space 512K, 37% used [0x00000000eae00000,0x00000000eae30000,0x00000000eae80000)
  to   space 512K, 0% used [0x00000000eae80000,0x00000000eae80000,0x00000000eaf00000)
 ParOldGen       total 488448K, used 488140K [0x00000000c0000000, 0x00000000ddd00000, 0x00000000eab00000)
  object space 488448K, 99% used [0x00000000c0000000,0x00000000ddcb3110,0x00000000ddd00000)
 Metaspace       used 92785K, committed 94528K, reserved 1179648K
  class space    used 10088K, committed 10880K, reserved 1048576K
}
Event: 146020.278 GC heap after
{Heap after GC invocations=1417 (full 4):
 PSYoungGen      total 3072K, used 352K [0x00000000eab00000, 0x00000000eaf00000, 0x0000000100000000)
  eden space 2560K, 0% used [0x00000000eab00000,0x00000000eab00000,0x00000000ead80000)
  from space 512K, 68% used [0x00000000eae80000,0x00000000eaed8000,0x00000000eaf00000)
  to   space 512K, 0% used [0x00000000eae00000,0x00000000eae00000,0x00000000eae80000)
 ParOldGen       total 488448K, used 488244K [0x00000000c0000000, 0x00000000ddd00000, 0x00000000eab00000)
  object space 488448K, 99% used [0x00000000c0000000,0x00000000ddccd110,0x00000000ddd00000)
 Metaspace       used 92785K, committed 94528K, reserved 1179648K
  class space    used 10088K, committed 10880K, reserved 1048576K
}
Event: 146020.515 GC heap before
{Heap before GC invocations=1418 (full 4):
 PSYoungGen      total 3072K, used 2911K [0x00000000eab00000, 0x00000000eaf00000, 0x0000000100000000)
  eden space 2560K, 99% used [0x00000000eab00000,0x00000000ead7fff0,0x00000000ead80000)
  from space 512K, 68% used [0x00000000eae80000,0x00000000eaed8000,0x00000000eaf00000)
  to   space 512K, 0% used [0x00000000eae00000,0x00000000eae00000,0x00000000eae80000)
 ParOldGen       total 488448K, used 488244K [0x00000000c0000000, 0x00000000ddd00000, 0x00000000eab00000)
  object space 488448K, 99% used [0x00000000c0000000,0x00000000ddccd110,0x00000000ddd00000)
 Metaspace       used 92787K, committed 94528K, reserved 1179648K
  class space    used 10088K, committed 10880K, reserved 1048576K
}
Event: 146020.515 GC heap after
{Heap after GC invocations=1418 (full 4):
 PSYoungGen      total 3072K, used 352K [0x00000000eab00000, 0x00000000eaf00000, 0x0000000100000000)
  eden space 2560K, 0% used [0x00000000eab00000,0x00000000eab00000,0x00000000ead80000)
  from space 512K, 68% used [0x00000000eae00000,0x00000000eae58000,0x00000000eae80000)
  to   space 512K, 0% used [0x00000000eae80000,0x00000000eae80000,0x00000000eaf00000)
 ParOldGen       total 488448K, used 488332K [0x00000000c0000000, 0x00000000ddd00000, 0x00000000eab00000)
  object space 488448K, 99% used [0x00000000c0000000,0x00000000ddce3110,0x00000000ddd00000)
 Metaspace       used 92787K, committed 94528K, reserved 1179648K
  class space    used 10088K, committed 10880K, reserved 1048576K
}
Event: 146020.570 GC heap before
{Heap before GC invocations=1419 (full 4):
 PSYoungGen      total 3072K, used 2652K [0x00000000eab00000, 0x00000000eaf00000, 0x0000000100000000)
  eden space 2560K, 89% used [0x00000000eab00000,0x00000000ead3f2c8,0x00000000ead80000)
  from space 512K, 68% used [0x00000000eae00000,0x00000000eae58000,0x00000000eae80000)
  to   space 512K, 0% used [0x00000000eae80000,0x00000000eae80000,0x00000000eaf00000)
 ParOldGen       total 488448K, used 488332K [0x00000000c0000000, 0x00000000ddd00000, 0x00000000eab00000)
  object space 488448K, 99% used [0x00000000c0000000,0x00000000ddce3110,0x00000000ddd00000)
 Metaspace       used 92788K, committed 94528K, reserved 1179648K
  class space    used 10088K, committed 10880K, reserved 1048576K
}
Event: 146020.571 GC heap after
{Heap after GC invocations=1419 (full 4):
 PSYoungGen      total 3072K, used 384K [0x00000000eab00000, 0x00000000eaf00000, 0x0000000100000000)
  eden space 2560K, 0% used [0x00000000eab00000,0x00000000eab00000,0x00000000ead80000)
  from space 512K, 75% used [0x00000000eae80000,0x00000000eaee0000,0x00000000eaf00000)
  to   space 512K, 0% used [0x00000000eae00000,0x00000000eae00000,0x00000000eae80000)
 ParOldGen       total 488960K, used 488668K [0x00000000c0000000, 0x00000000ddd80000, 0x00000000eab00000)
  object space 488960K, 99% used [0x00000000c0000000,0x00000000ddd370f0,0x00000000ddd80000)
 Metaspace       used 92788K, committed 94528K, reserved 1179648K
  class space    used 10088K, committed 10880K, reserved 1048576K
}
Event: 146020.572 GC heap before
{Heap before GC invocations=1420 (full 4):
 PSYoungGen      total 3072K, used 2944K [0x00000000eab00000, 0x00000000eaf00000, 0x0000000100000000)
  eden space 2560K, 100% used [0x00000000eab00000,0x00000000ead80000,0x00000000ead80000)
  from space 512K, 75% used [0x00000000eae80000,0x00000000eaee0000,0x00000000eaf00000)
  to   space 512K, 0% used [0x00000000eae00000,0x00000000eae00000,0x00000000eae80000)
 ParOldGen       total 488960K, used 488668K [0x00000000c0000000, 0x00000000ddd80000, 0x00000000eab00000)
  object space 488960K, 99% used [0x00000000c0000000,0x00000000ddd370f0,0x00000000ddd80000)
 Metaspace       used 92792K, committed 94528K, reserved 1179648K
  class space    used 10088K, committed 10880K, reserved 1048576K
}
Event: 146020.573 GC heap after
{Heap after GC invocations=1420 (full 4):
 PSYoungGen      total 3072K, used 512K [0x00000000eab00000, 0x00000000eb280000, 0x0000000100000000)
  eden space 2560K, 0% used [0x00000000eab00000,0x00000000eab00000,0x00000000ead80000)
  from space 512K, 100% used [0x00000000eae00000,0x00000000eae80000,0x00000000eae80000)
  to   space 2560K, 0% used [0x00000000eb000000,0x00000000eb000000,0x00000000eb280000)
 ParOldGen       total 490496K, used 490359K [0x00000000c0000000, 0x00000000ddf00000, 0x00000000eab00000)
  object space 490496K, 99% used [0x00000000c0000000,0x00000000ddeddcc0,0x00000000ddf00000)
 Metaspace       used 92792K, committed 94528K, reserved 1179648K
  class space    used 10088K, committed 10880K, reserved 1048576K
}
Event: 146020.573 GC heap before
{Heap before GC invocations=1421 (full 4):
 PSYoungGen      total 3072K, used 680K [0x00000000eab00000, 0x00000000eb280000, 0x0000000100000000)
  eden space 2560K, 6% used [0x00000000eab00000,0x00000000eab2a120,0x00000000ead80000)
  from space 512K, 100% used [0x00000000eae00000,0x00000000eae80000,0x00000000eae80000)
  to   space 2560K, 0% used [0x00000000eb000000,0x00000000eb000000,0x00000000eb280000)
 ParOldGen       total 490496K, used 490359K [0x00000000c0000000, 0x00000000ddf00000, 0x00000000eab00000)
  object space 490496K, 99% used [0x00000000c0000000,0x00000000ddeddcc0,0x00000000ddf00000)
 Metaspace       used 92792K, committed 94528K, reserved 1179648K
  class space    used 10088K, committed 10880K, reserved 1048576K
}
Event: 146020.574 GC heap after
{Heap after GC invocations=1421 (full 4):
 PSYoungGen      total 3072K, used 416K [0x00000000eab00000, 0x00000000eb080000, 0x0000000100000000)
  eden space 2560K, 0% used [0x00000000eab00000,0x00000000eab00000,0x00000000ead80000)
  from space 512K, 81% used [0x00000000eb000000,0x00000000eb068000,0x00000000eb080000)
  to   space 1536K, 0% used [0x00000000ead80000,0x00000000ead80000,0x00000000eaf00000)
 ParOldGen       total 491008K, used 490903K [0x00000000c0000000, 0x00000000ddf80000, 0x00000000eab00000)
  object space 491008K, 99% used [0x00000000c0000000,0x00000000ddf65cc0,0x00000000ddf80000)
 Metaspace       used 92792K, committed 94528K, reserved 1179648K
  class space    used 10088K, committed 10880K, reserved 1048576K
}
Event: 146020.574 GC heap before
{Heap before GC invocations=1422 (full 5):
 PSYoungGen      total 3072K, used 416K [0x00000000eab00000, 0x00000000eb080000, 0x0000000100000000)
  eden space 2560K, 0% used [0x00000000eab00000,0x00000000eab00000,0x00000000ead80000)
  from space 512K, 81% used [0x00000000eb000000,0x00000000eb068000,0x00000000eb080000)
  to   space 1536K, 0% used [0x00000000ead80000,0x00000000ead80000,0x00000000eaf00000)
 ParOldGen       total 491008K, used 490903K [0x00000000c0000000, 0x00000000ddf80000, 0x00000000eab00000)
  object space 491008K, 99% used [0x00000000c0000000,0x00000000ddf65cc0,0x00000000ddf80000)
 Metaspace       used 92792K, committed 94528K, reserved 1179648K
  class space    used 10088K, committed 10880K, reserved 1048576K
}

Dll operation events (15 events):
Event: 0.047 Loaded shared library c:\Users\Glenn\.vscode\extensions\redhat.java-1.40.0-win32-x64\jre\21.0.6-win32-x86_64\bin\java.dll
Event: 0.155 Loaded shared library c:\Users\Glenn\.vscode\extensions\redhat.java-1.40.0-win32-x64\jre\21.0.6-win32-x86_64\bin\zip.dll
Event: 0.174 Loaded shared library C:\Users\Glenn\.vscode\extensions\redhat.java-1.40.0-win32-x64\jre\21.0.6-win32-x86_64\bin\instrument.dll
Event: 0.178 Loaded shared library C:\Users\Glenn\.vscode\extensions\redhat.java-1.40.0-win32-x64\jre\21.0.6-win32-x86_64\bin\net.dll
Event: 0.180 Loaded shared library C:\Users\Glenn\.vscode\extensions\redhat.java-1.40.0-win32-x64\jre\21.0.6-win32-x86_64\bin\nio.dll
Event: 0.183 Loaded shared library C:\Users\Glenn\.vscode\extensions\redhat.java-1.40.0-win32-x64\jre\21.0.6-win32-x86_64\bin\zip.dll
Event: 0.198 Loaded shared library C:\Users\Glenn\.vscode\extensions\redhat.java-1.40.0-win32-x64\jre\21.0.6-win32-x86_64\bin\jimage.dll
Event: 0.263 Loaded shared library c:\Users\Glenn\.vscode\extensions\redhat.java-1.40.0-win32-x64\jre\21.0.6-win32-x86_64\bin\verify.dll
Event: 3.633 Loaded shared library C:\Users\Glenn\AppData\Roaming\Code\User\globalStorage\redhat.java\1.40.0\config_win\org.eclipse.equinox.launcher\org.eclipse.equinox.launcher.win32.win32.x86_64_1.2.1200.v20250212-0927\eclipse_11909.dll
Event: 8.131 Loaded shared library C:\Users\Glenn\AppData\Local\Temp\jna-68888000\jna11580004629364893021.dll
Event: 8.965 Loaded shared library C:\Users\Glenn\.vscode\extensions\redhat.java-1.40.0-win32-x64\jre\21.0.6-win32-x86_64\bin\sunmscapi.dll
Event: 9.284 Loaded shared library C:\Users\Glenn\.vscode\extensions\redhat.java-1.40.0-win32-x64\jre\21.0.6-win32-x86_64\bin\extnet.dll
Event: 18.434 Loaded shared library C:\Users\Glenn\.gradle\native\c067742578af261105cb4f569cf0c3c89f3d7b1fecec35dd04571415982c5e48\windows-amd64\native-platform.dll
Event: 23.232 Loaded shared library C:\Users\Glenn\.vscode\extensions\redhat.java-1.40.0-win32-x64\jre\21.0.6-win32-x86_64\bin\management.dll
Event: 23.233 Loaded shared library C:\Users\Glenn\.vscode\extensions\redhat.java-1.40.0-win32-x64\jre\21.0.6-win32-x86_64\bin\management_ext.dll

Deoptimization events (20 events):
Event: 146011.546 Thread 0x000002b177ea69d0 DEOPT PACKING pc=0x000002b11fffbb99 sp=0x000000c647efef80
Event: 146011.546 Thread 0x000002b177ea69d0 DEOPT UNPACKING pc=0x000002b124d178e2 sp=0x000000c647efe458 mode 0
Event: 146011.552 Thread 0x000002b177ea69d0 Uncommon trap: trap_request=0xffffff45 fr.pc=0x000002b1263d6760 relative=0x0000000000001b00
Event: 146011.552 Thread 0x000002b177ea69d0 Uncommon trap: reason=unstable_if action=reinterpret pc=0x000002b1263d6760 method=org.eclipse.jdt.internal.core.index.DiskIndex.mergeCategory([CLorg/eclipse/jdt/internal/core/index/DiskIndex;[ILjava/io/OutputStream;)V @ 278 c2
Event: 146011.552 Thread 0x000002b177ea69d0 DEOPT PACKING pc=0x000002b1263d6760 sp=0x000000c647efef90
Event: 146011.552 Thread 0x000002b177ea69d0 DEOPT UNPACKING pc=0x000002b124d16da2 sp=0x000000c647efef68 mode 2
Event: 146011.574 Thread 0x000002b177ea69d0 DEOPT PACKING pc=0x000002b12023873a sp=0x000000c647eff030
Event: 146011.574 Thread 0x000002b177ea69d0 DEOPT UNPACKING pc=0x000002b124d178e2 sp=0x000000c647efe548 mode 0
Event: 146011.912 Thread 0x000002b17ca5e370 DEOPT PACKING pc=0x000002b12023873a sp=0x000000c644dfde40
Event: 146011.912 Thread 0x000002b17ca5e370 DEOPT UNPACKING pc=0x000002b124d178e2 sp=0x000000c644dfd358 mode 0
Event: 146019.532 Thread 0x000002b17a850ac0 Uncommon trap: trap_request=0xffffffd6 fr.pc=0x000002b1261ec544 relative=0x0000000000000784
Event: 146019.532 Thread 0x000002b17a850ac0 Uncommon trap: reason=array_check action=maybe_recompile pc=0x000002b1261ec544 method=com.google.gson.internal.$Gson$Types$ParameterizedTypeImpl.<init>(Ljava/lang/reflect/Type;Ljava/lang/Class;[Ljava/lang/reflect/Type;)V @ 136 c2
Event: 146019.532 Thread 0x000002b17a850ac0 DEOPT PACKING pc=0x000002b1261ec544 sp=0x000000c6499fd7c0
Event: 146019.532 Thread 0x000002b17a850ac0 DEOPT UNPACKING pc=0x000002b124d16da2 sp=0x000000c6499fd6f8 mode 2
Event: 146019.532 Thread 0x000002b17a850ac0 Uncommon trap: trap_request=0xffffffde fr.pc=0x000002b125ce07a8 relative=0x00000000000013a8
Event: 146019.532 Thread 0x000002b17a850ac0 Uncommon trap: reason=class_check action=maybe_recompile pc=0x000002b125ce07a8 method=com.google.gson.internal.bind.MapTypeAdapterFactory$Adapter.read(Lcom/google/gson/stream/JsonReader;)Ljava/util/Map; @ 22 c2
Event: 146019.532 Thread 0x000002b17a850ac0 DEOPT PACKING pc=0x000002b125ce07a8 sp=0x000000c6499fdfb0
Event: 146019.532 Thread 0x000002b17a850ac0 DEOPT UNPACKING pc=0x000002b124d16da2 sp=0x000000c6499fdf68 mode 2
Event: 146020.078 Thread 0x000002b17ca5e370 DEOPT PACKING pc=0x000002b11ef3dda4 sp=0x000000c644dfdf90
Event: 146020.078 Thread 0x000002b17ca5e370 DEOPT UNPACKING pc=0x000002b124d178e2 sp=0x000000c644dfd3b0 mode 0

Classes loaded (20 events):
Event: 144163.629 Loading class java/util/stream/IntPipeline$Head
Event: 144163.629 Loading class java/util/stream/IntPipeline$Head done
Event: 144163.629 Loading class java/util/stream/IntPipeline$1
Event: 144163.630 Loading class java/util/stream/IntPipeline$1 done
Event: 144163.630 Loading class java/util/stream/IntPipeline$1$1
Event: 144163.630 Loading class java/util/stream/Sink$ChainedInt
Event: 144163.630 Loading class java/util/stream/Sink$ChainedInt done
Event: 144163.630 Loading class java/util/stream/IntPipeline$1$1 done
Event: 144163.676 Loading class java/util/stream/Streams$RangeIntSpliterator
Event: 144163.676 Loading class java/util/stream/Streams$RangeIntSpliterator done
Event: 144163.678 Loading class java/lang/ProcessHandleImpl$ExitCompletion
Event: 144163.678 Loading class java/lang/ProcessHandleImpl$ExitCompletion done
Event: 144163.678 Loading class java/lang/ProcessHandleImpl$1
Event: 144163.678 Loading class java/lang/ProcessHandleImpl$1 done
Event: 144163.678 Loading class java/util/concurrent/CompletableFuture$UniHandle
Event: 144163.678 Loading class java/util/concurrent/CompletableFuture$UniHandle done
Event: 145068.404 Loading class jdk/internal/reflect/MethodHandleByteFieldAccessorImpl
Event: 145068.404 Loading class jdk/internal/reflect/MethodHandleByteFieldAccessorImpl done
Event: 145071.144 Loading class java/util/concurrent/CompletableFuture$AsyncRun
Event: 145071.144 Loading class java/util/concurrent/CompletableFuture$AsyncRun done

Classes unloaded (7 events):
Event: 8.365 Thread 0x000002b12ea54050 Unloading class 0x000002b13019c400 'java/lang/invoke/LambdaForm$MH+0x000002b13019c400'
Event: 8.365 Thread 0x000002b12ea54050 Unloading class 0x000002b13019c000 'java/lang/invoke/LambdaForm$MH+0x000002b13019c000'
Event: 8.365 Thread 0x000002b12ea54050 Unloading class 0x000002b13019bc00 'java/lang/invoke/LambdaForm$MH+0x000002b13019bc00'
Event: 8.365 Thread 0x000002b12ea54050 Unloading class 0x000002b13019b800 'java/lang/invoke/LambdaForm$MH+0x000002b13019b800'
Event: 8.365 Thread 0x000002b12ea54050 Unloading class 0x000002b13019b400 'java/lang/invoke/LambdaForm$BMH+0x000002b13019b400'
Event: 8.365 Thread 0x000002b12ea54050 Unloading class 0x000002b13019b000 'java/lang/invoke/LambdaForm$DMH+0x000002b13019b000'
Event: 8.365 Thread 0x000002b12ea54050 Unloading class 0x000002b130199c00 'java/lang/invoke/LambdaForm$DMH+0x000002b130199c00'

Classes redefined (0 events):
No events

Internal exceptions (20 events):
Event: 145990.450 Thread 0x000002b17ca60ad0 Exception <a 'sun/nio/fs/WindowsException'{0x00000000eabfc310}> (0x00000000eabfc310) 
thrown [s\src\hotspot\share\prims\jni.cpp, line 520]
Event: 145990.451 Thread 0x000002b17ca60ad0 Exception <a 'sun/nio/fs/WindowsException'{0x00000000eac19e90}> (0x00000000eac19e90) 
thrown [s\src\hotspot\share\prims\jni.cpp, line 520]
Event: 145990.452 Thread 0x000002b17ca60ad0 Exception <a 'sun/nio/fs/WindowsException'{0x00000000eac36820}> (0x00000000eac36820) 
thrown [s\src\hotspot\share\prims\jni.cpp, line 520]
Event: 145990.453 Thread 0x000002b17ca60ad0 Exception <a 'sun/nio/fs/WindowsException'{0x00000000eac54d20}> (0x00000000eac54d20) 
thrown [s\src\hotspot\share\prims\jni.cpp, line 520]
Event: 145990.454 Thread 0x000002b17ca60ad0 Exception <a 'sun/nio/fs/WindowsException'{0x00000000eac71580}> (0x00000000eac71580) 
thrown [s\src\hotspot\share\prims\jni.cpp, line 520]
Event: 145990.456 Thread 0x000002b17ca60ad0 Exception <a 'sun/nio/fs/WindowsException'{0x00000000eac8f068}> (0x00000000eac8f068) 
thrown [s\src\hotspot\share\prims\jni.cpp, line 520]
Event: 145990.456 Thread 0x000002b17ca60ad0 Exception <a 'sun/nio/fs/WindowsException'{0x00000000eac90058}> (0x00000000eac90058) 
thrown [s\src\hotspot\share\prims\jni.cpp, line 520]
Event: 145990.458 Thread 0x000002b17ca60ad0 Exception <a 'sun/nio/fs/WindowsException'{0x00000000eacab248}> (0x00000000eacab248) 
thrown [s\src\hotspot\share\prims\jni.cpp, line 520]
Event: 145990.510 Thread 0x000002b177bf9b00 Implicit null exception at 0x000002b1262ca1e0 to 0x000002b1262cb348
Event: 145990.526 Thread 0x000002b17ca60ad0 Exception <a 'sun/nio/fs/WindowsException'{0x00000000eac17590}> (0x00000000eac17590) 
thrown [s\src\hotspot\share\prims\jni.cpp, line 520]
Event: 145990.526 Thread 0x000002b17ca60ad0 Exception <a 'sun/nio/fs/WindowsException'{0x00000000eac17e00}> (0x00000000eac17e00) 
thrown [s\src\hotspot\share\prims\jni.cpp, line 520]
Event: 145990.527 Thread 0x000002b17ca60ad0 Exception <a 'sun/nio/fs/WindowsException'{0x00000000eac18778}> (0x00000000eac18778) 
thrown [s\src\hotspot\share\prims\jni.cpp, line 520]
Event: 145990.527 Thread 0x000002b17ca60ad0 Exception <a 'sun/nio/fs/WindowsException'{0x00000000eac18d90}> (0x00000000eac18d90) 
thrown [s\src\hotspot\share\prims\jni.cpp, line 520]
Event: 145996.844 Thread 0x000002b177bf45b0 Exception <a 'java/lang/NoSuchMethodError'{0x00000000eac6bc18}: 'java.lang.Object java.lang.invoke.DirectMethodHandle$Holder.newInvokeSpecial(java.lang.Object, java.lang.Object, java.lang.Object, java.lang.Object, java.lang.Object, java.lang.Object, java.lang.Object)'> (0x00000000eac6bc18) 
thrown [s\src\hotspot\share\interpreter\linkResolver.cpp, line 773]
Event: 145996.862 Thread 0x000002b177bf45b0 Exception <a 'java/lang/ArrayIndexOutOfBoundsException'{0x00000000eae31170}: Index 11197 out of bounds for length 11197> (0x00000000eae31170) 
thrown [s\src\hotspot\share\interpreter\interpreterRuntime.cpp, line 439]
Event: 146000.451 Thread 0x000002b177bf45b0 Exception <a 'java/lang/ArrayIndexOutOfBoundsException'{0x00000000ead5de50}> (0x00000000ead5de50) 
thrown [s\src\hotspot\share\runtime\sharedRuntime.cpp, line 625]
Event: 146001.750 Thread 0x000002b177bf45b0 Exception <a 'java/lang/ArrayIndexOutOfBoundsException'{0x00000000eab18438}> (0x00000000eab18438) 
thrown [s\src\hotspot\share\runtime\sharedRuntime.cpp, line 625]
Event: 146011.536 Thread 0x000002b177ea69d0 Exception <a 'sun/nio/fs/WindowsException'{0x00000000eab6ad08}> (0x00000000eab6ad08) 
thrown [s\src\hotspot\share\prims\jni.cpp, line 520]
Event: 146011.573 Thread 0x000002b177ea69d0 Exception <a 'sun/nio/fs/WindowsException'{0x00000000eac4ecd0}> (0x00000000eac4ecd0) 
thrown [s\src\hotspot\share\prims\jni.cpp, line 520]
Event: 146020.569 Thread 0x000002b177ea69d0 Exception <a 'sun/nio/fs/WindowsException'{0x00000000eacce928}> (0x00000000eacce928) 
thrown [s\src\hotspot\share\prims\jni.cpp, line 520]

ZGC Phase Switch (0 events):
No events

VM Operations (20 events):
Event: 146019.815 Executing VM operation: ParallelGCFailedAllocation (Allocation Failure) done
Event: 146020.002 Executing VM operation: ParallelGCFailedAllocation (Allocation Failure)
Event: 146020.002 Executing VM operation: ParallelGCFailedAllocation (Allocation Failure) done
Event: 146020.007 Executing VM operation: ParallelGCFailedAllocation (Allocation Failure)
Event: 146020.007 Executing VM operation: ParallelGCFailedAllocation (Allocation Failure) done
Event: 146020.236 Executing VM operation: ParallelGCFailedAllocation (Allocation Failure)
Event: 146020.236 Executing VM operation: ParallelGCFailedAllocation (Allocation Failure) done
Event: 146020.267 Executing VM operation: ParallelGCFailedAllocation (Allocation Failure)
Event: 146020.268 Executing VM operation: ParallelGCFailedAllocation (Allocation Failure) done
Event: 146020.272 Executing VM operation: ParallelGCFailedAllocation (Allocation Failure)
Event: 146020.272 Executing VM operation: ParallelGCFailedAllocation (Allocation Failure) done
Event: 146020.277 Executing VM operation: ParallelGCFailedAllocation (Allocation Failure)
Event: 146020.278 Executing VM operation: ParallelGCFailedAllocation (Allocation Failure) done
Event: 146020.515 Executing VM operation: ParallelGCFailedAllocation (Allocation Failure)
Event: 146020.515 Executing VM operation: ParallelGCFailedAllocation (Allocation Failure) done
Event: 146020.570 Executing VM operation: ParallelGCFailedAllocation (Allocation Failure)
Event: 146020.571 Executing VM operation: ParallelGCFailedAllocation (Allocation Failure) done
Event: 146020.572 Executing VM operation: ParallelGCFailedAllocation (Allocation Failure)
Event: 146020.573 Executing VM operation: ParallelGCFailedAllocation (Allocation Failure) done
Event: 146020.573 Executing VM operation: ParallelGCSystemGC (CodeCache GC Threshold)

Memory protections (0 events):
No events

Nmethod flushes (20 events):
Event: 25.883 Thread 0x000002b12ea54050 flushing  nmethod 0x000002b11e91f590
Event: 25.883 Thread 0x000002b12ea54050 flushing  nmethod 0x000002b11e92b090
Event: 25.883 Thread 0x000002b12ea54050 flushing  nmethod 0x000002b11e92f210
Event: 25.883 Thread 0x000002b12ea54050 flushing  nmethod 0x000002b11e934290
Event: 25.883 Thread 0x000002b12ea54050 flushing  nmethod 0x000002b11e953810
Event: 25.883 Thread 0x000002b12ea54050 flushing  nmethod 0x000002b11e95b690
Event: 25.883 Thread 0x000002b12ea54050 flushing osr nmethod 0x000002b11e95e490
Event: 25.883 Thread 0x000002b12ea54050 flushing osr nmethod 0x000002b11e95ec10
Event: 25.883 Thread 0x000002b12ea54050 flushing  nmethod 0x000002b11e967a90
Event: 25.883 Thread 0x000002b12ea54050 flushing  nmethod 0x000002b11e998490
Event: 25.883 Thread 0x000002b12ea54050 flushing  nmethod 0x000002b11e9b3790
Event: 25.883 Thread 0x000002b12ea54050 flushing  nmethod 0x000002b11e9bc310
Event: 25.883 Thread 0x000002b12ea54050 flushing  nmethod 0x000002b11e9bc790
Event: 25.883 Thread 0x000002b12ea54050 flushing  nmethod 0x000002b11e9bce90
Event: 25.883 Thread 0x000002b12ea54050 flushing  nmethod 0x000002b11e9bd210
Event: 25.883 Thread 0x000002b12ea54050 flushing  nmethod 0x000002b11e9be310
Event: 25.883 Thread 0x000002b12ea54050 flushing  nmethod 0x000002b11e9c0310
Event: 25.883 Thread 0x000002b12ea54050 flushing  nmethod 0x000002b11e9cd590
Event: 25.883 Thread 0x000002b12ea54050 flushing  nmethod 0x000002b11e9cf490
Event: 25.883 Thread 0x000002b12ea54050 flushing  nmethod 0x000002b11e9d3b10

Events (20 events):
Event: 146001.587 Thread 0x000002b17e117670 Thread exited: 0x000002b17e117670
Event: 146001.588 Thread 0x000002b17e117d40 Thread exited: 0x000002b17e117d40
Event: 146001.612 Thread 0x000002b1711821f0 Thread added: 0x000002b17e117670
Event: 146001.747 Thread 0x000002b17e117670 Thread exited: 0x000002b17e117670
Event: 146001.769 Thread 0x000002b1711db160 Thread added: 0x000002b17e117670
Event: 146001.772 Thread 0x000002b1711db160 Thread added: 0x000002b17f4a7db0
Event: 146001.772 Thread 0x000002b1711db160 Thread added: 0x000002b17f4a98f0
Event: 146006.774 Thread 0x000002b17f4a98f0 Thread exited: 0x000002b17f4a98f0
Event: 146006.774 Thread 0x000002b17f4a7db0 Thread exited: 0x000002b17f4a7db0
Event: 146010.504 Thread 0x000002b17e117670 Thread exited: 0x000002b17e117670
Event: 146010.550 Thread 0x000002b1711db160 Thread added: 0x000002b17e117670
Event: 146010.759 Thread 0x000002b17e117670 Thread exited: 0x000002b17e117670
Event: 146011.727 Thread 0x000002b1711821f0 Thread added: 0x000002b17a816a00
Event: 146011.778 Thread 0x000002b17ca60ad0 Thread added: 0x000002b10aa11150
Event: 146012.250 Thread 0x000002b17a816a00 Thread exited: 0x000002b17a816a00
Event: 146012.257 Thread 0x000002b1711db160 Thread added: 0x000002b17a818540
Event: 146012.452 Thread 0x000002b17a818540 Thread exited: 0x000002b17a818540
Event: 146019.806 Thread 0x000002b1711db160 Thread added: 0x000002b17a816330
Event: 146020.001 Thread 0x000002b17a816330 Thread exited: 0x000002b17a816330
Event: 146020.007 Thread 0x000002b1711db160 Thread added: 0x000002b17a818540


Dynamic libraries:
0x00007ff71a570000 - 0x00007ff71a57e000 	c:\Users\Glenn\.vscode\extensions\redhat.java-1.40.0-win32-x64\jre\21.0.6-win32-x86_64\bin\java.exe
0x00007ffd41fc0000 - 0x00007ffd42223000 	C:\WINDOWS\SYSTEM32\ntdll.dll
0x00007ffd41890000 - 0x00007ffd41957000 	C:\WINDOWS\System32\KERNEL32.DLL
0x00007ffd3f8c0000 - 0x00007ffd3fc89000 	C:\WINDOWS\System32\KERNELBASE.dll
0x00007ffd3f3a0000 - 0x00007ffd3f4ec000 	C:\WINDOWS\System32\ucrtbase.dll
0x00007ffd262d0000 - 0x00007ffd262e8000 	c:\Users\Glenn\.vscode\extensions\redhat.java-1.40.0-win32-x64\jre\21.0.6-win32-x86_64\bin\jli.dll
0x00007ffd3fde0000 - 0x00007ffd3ffaa000 	C:\WINDOWS\System32\USER32.dll
0x00007ffd3f7e0000 - 0x00007ffd3f807000 	C:\WINDOWS\System32\win32u.dll
0x00007ffd41ca0000 - 0x00007ffd41cca000 	C:\WINDOWS\System32\GDI32.dll
0x00007ffd26230000 - 0x00007ffd2624e000 	c:\Users\Glenn\.vscode\extensions\redhat.java-1.40.0-win32-x64\jre\21.0.6-win32-x86_64\bin\VCRUNTIME140.dll
0x00007ffd3f1c0000 - 0x00007ffd3f2f1000 	C:\WINDOWS\System32\gdi32full.dll
0x00007ffd22f80000 - 0x00007ffd23210000 	C:\WINDOWS\WinSxS\amd64_microsoft.windows.common-controls_6595b64144ccf1df_6.0.26100.3323_none_3e088096e3344490\COMCTL32.dll
0x00007ffd3f810000 - 0x00007ffd3f8b3000 	C:\WINDOWS\System32\msvcp_win.dll
0x00007ffd41a50000 - 0x00007ffd41af9000 	C:\WINDOWS\System32\msvcrt.dll
0x00007ffd40a80000 - 0x00007ffd40aaf000 	C:\WINDOWS\System32\IMM32.DLL
0x00007ffd270f0000 - 0x00007ffd270fc000 	c:\Users\Glenn\.vscode\extensions\redhat.java-1.40.0-win32-x64\jre\21.0.6-win32-x86_64\bin\vcruntime140_1.dll
0x00007ffce5a40000 - 0x00007ffce5acd000 	c:\Users\Glenn\.vscode\extensions\redhat.java-1.40.0-win32-x64\jre\21.0.6-win32-x86_64\bin\msvcp140.dll
0x00007ffc8dc70000 - 0x00007ffc8ea00000 	c:\Users\Glenn\.vscode\extensions\redhat.java-1.40.0-win32-x64\jre\21.0.6-win32-x86_64\bin\server\jvm.dll
0x00007ffd408d0000 - 0x00007ffd40982000 	C:\WINDOWS\System32\ADVAPI32.dll
0x00007ffd417d0000 - 0x00007ffd41876000 	C:\WINDOWS\System32\sechost.dll
0x00007ffd40670000 - 0x00007ffd40786000 	C:\WINDOWS\System32\RPCRT4.dll
0x00007ffd40990000 - 0x00007ffd40a04000 	C:\WINDOWS\System32\WS2_32.dll
0x00007ffd3ee90000 - 0x00007ffd3eede000 	C:\WINDOWS\SYSTEM32\POWRPROF.dll
0x00007ffd36d00000 - 0x00007ffd36d36000 	C:\WINDOWS\SYSTEM32\WINMM.dll
0x00007ffd37cf0000 - 0x00007ffd37cfb000 	C:\WINDOWS\SYSTEM32\VERSION.dll
0x00007ffd3ee70000 - 0x00007ffd3ee84000 	C:\WINDOWS\SYSTEM32\UMPDC.dll
0x00007ffd3deb0000 - 0x00007ffd3deca000 	C:\WINDOWS\SYSTEM32\kernel.appcore.dll
0x00007ffd26fe0000 - 0x00007ffd26fea000 	c:\Users\Glenn\.vscode\extensions\redhat.java-1.40.0-win32-x64\jre\21.0.6-win32-x86_64\bin\jimage.dll
0x00007ffd36e50000 - 0x00007ffd37091000 	C:\WINDOWS\SYSTEM32\DBGHELP.DLL
0x00007ffd40ac0000 - 0x00007ffd40e42000 	C:\WINDOWS\System32\combase.dll
0x00007ffd41cd0000 - 0x00007ffd41da6000 	C:\WINDOWS\System32\OLEAUT32.dll
0x00007ffd2e750000 - 0x00007ffd2e789000 	C:\WINDOWS\SYSTEM32\dbgcore.DLL
0x00007ffd3f300000 - 0x00007ffd3f399000 	C:\WINDOWS\System32\bcryptPrimitives.dll
0x00007ffd25560000 - 0x00007ffd2556f000 	c:\Users\Glenn\.vscode\extensions\redhat.java-1.40.0-win32-x64\jre\21.0.6-win32-x86_64\bin\instrument.dll
0x00007ffd25030000 - 0x00007ffd2504f000 	c:\Users\Glenn\.vscode\extensions\redhat.java-1.40.0-win32-x64\jre\21.0.6-win32-x86_64\bin\java.dll
0x00007ffd40ed0000 - 0x00007ffd415e5000 	C:\WINDOWS\System32\SHELL32.dll
0x00007ffd3f4f0000 - 0x00007ffd3f658000 	C:\WINDOWS\System32\wintypes.dll
0x00007ffd3ce80000 - 0x00007ffd3d6c5000 	C:\WINDOWS\SYSTEM32\windows.storage.dll
0x00007ffd41960000 - 0x00007ffd41a4b000 	C:\WINDOWS\System32\SHCORE.dll
0x00007ffd41b90000 - 0x00007ffd41bed000 	C:\WINDOWS\System32\shlwapi.dll
0x00007ffd3f0d0000 - 0x00007ffd3f0ff000 	C:\WINDOWS\SYSTEM32\profapi.dll
0x00007ffd24b30000 - 0x00007ffd24b48000 	c:\Users\Glenn\.vscode\extensions\redhat.java-1.40.0-win32-x64\jre\21.0.6-win32-x86_64\bin\zip.dll
0x00007ffd25d80000 - 0x00007ffd25d90000 	C:\Users\Glenn\.vscode\extensions\redhat.java-1.40.0-win32-x64\jre\21.0.6-win32-x86_64\bin\net.dll
0x00007ffd389f0000 - 0x00007ffd38b0e000 	C:\WINDOWS\SYSTEM32\WINHTTP.dll
0x00007ffd3e4a0000 - 0x00007ffd3e50a000 	C:\WINDOWS\system32\mswsock.dll
0x00007ffd249d0000 - 0x00007ffd249e6000 	C:\Users\Glenn\.vscode\extensions\redhat.java-1.40.0-win32-x64\jre\21.0.6-win32-x86_64\bin\nio.dll
0x00007ffd25d70000 - 0x00007ffd25d80000 	c:\Users\Glenn\.vscode\extensions\redhat.java-1.40.0-win32-x64\jre\21.0.6-win32-x86_64\bin\verify.dll
0x00007ffd184a0000 - 0x00007ffd184e5000 	C:\Users\Glenn\AppData\Roaming\Code\User\globalStorage\redhat.java\1.40.0\config_win\org.eclipse.equinox.launcher\org.eclipse.equinox.launcher.win32.win32.x86_64_1.2.1200.v20250212-0927\eclipse_11909.dll
0x00007ffd41de0000 - 0x00007ffd41f75000 	C:\WINDOWS\System32\ole32.dll
0x00007ffd3e850000 - 0x00007ffd3e86c000 	C:\WINDOWS\SYSTEM32\CRYPTSP.dll
0x00007ffd3df20000 - 0x00007ffd3df5a000 	C:\WINDOWS\system32\rsaenh.dll
0x00007ffd3e540000 - 0x00007ffd3e56b000 	C:\WINDOWS\SYSTEM32\USERENV.dll
0x00007ffd3e9d0000 - 0x00007ffd3e9f6000 	C:\WINDOWS\SYSTEM32\bcrypt.dll
0x00007ffd3e6d0000 - 0x00007ffd3e6dc000 	C:\WINDOWS\SYSTEM32\CRYPTBASE.dll
0x00007ffd3d9c0000 - 0x00007ffd3d9f3000 	C:\WINDOWS\SYSTEM32\IPHLPAPI.DLL
0x00007ffd40a10000 - 0x00007ffd40a1a000 	C:\WINDOWS\System32\NSI.dll
0x00007ffd130d0000 - 0x00007ffd13119000 	C:\Users\Glenn\AppData\Local\Temp\jna-68888000\jna11580004629364893021.dll
0x00007ffd41880000 - 0x00007ffd41888000 	C:\WINDOWS\System32\PSAPI.DLL
0x00007ffd39280000 - 0x00007ffd3929f000 	C:\WINDOWS\SYSTEM32\dhcpcsvc6.DLL
0x00007ffd38fb0000 - 0x00007ffd38fd5000 	C:\WINDOWS\SYSTEM32\dhcpcsvc.DLL
0x00007ffd22950000 - 0x00007ffd2295e000 	C:\Users\Glenn\.vscode\extensions\redhat.java-1.40.0-win32-x64\jre\21.0.6-win32-x86_64\bin\sunmscapi.dll
0x00007ffd3f660000 - 0x00007ffd3f7d7000 	C:\WINDOWS\System32\CRYPT32.dll
0x00007ffd3e990000 - 0x00007ffd3e9c0000 	C:\WINDOWS\SYSTEM32\ncrypt.dll
0x00007ffd3e940000 - 0x00007ffd3e97f000 	C:\WINDOWS\SYSTEM32\NTASN1.dll
0x00007ffd3da00000 - 0x00007ffd3db25000 	C:\WINDOWS\SYSTEM32\DNSAPI.dll
0x00007ffd39270000 - 0x00007ffd3927b000 	C:\Windows\System32\rasadhlp.dll
0x00007ffd38730000 - 0x00007ffd387b5000 	C:\WINDOWS\System32\fwpuclnt.dll
0x00007ffd22620000 - 0x00007ffd22629000 	C:\Users\Glenn\.vscode\extensions\redhat.java-1.40.0-win32-x64\jre\21.0.6-win32-x86_64\bin\extnet.dll
0x00007ffd3e0c0000 - 0x00007ffd3e0f5000 	C:\WINDOWS\SYSTEM32\ntmarta.dll
0x00007ffd1f640000 - 0x00007ffd1f667000 	C:\Users\Glenn\.gradle\native\c067742578af261105cb4f569cf0c3c89f3d7b1fecec35dd04571415982c5e48\windows-amd64\native-platform.dll
0x00007ffd25550000 - 0x00007ffd2555a000 	C:\Users\Glenn\.vscode\extensions\redhat.java-1.40.0-win32-x64\jre\21.0.6-win32-x86_64\bin\management.dll
0x00007ffd22960000 - 0x00007ffd2296b000 	C:\Users\Glenn\.vscode\extensions\redhat.java-1.40.0-win32-x64\jre\21.0.6-win32-x86_64\bin\management_ext.dll

dbghelp: loaded successfully - version: 4.0.5 - missing functions: none
symbol engine: initialized successfully - sym options: 0x614 - pdb path: .;c:\Users\Glenn\.vscode\extensions\redhat.java-1.40.0-win32-x64\jre\21.0.6-win32-x86_64\bin;C:\WINDOWS\SYSTEM32;C:\WINDOWS\WinSxS\amd64_microsoft.windows.common-controls_6595b64144ccf1df_6.0.26100.3323_none_3e088096e3344490;c:\Users\Glenn\.vscode\extensions\redhat.java-1.40.0-win32-x64\jre\21.0.6-win32-x86_64\bin\server;C:\Users\Glenn\AppData\Roaming\Code\User\globalStorage\redhat.java\1.40.0\config_win\org.eclipse.equinox.launcher\org.eclipse.equinox.launcher.win32.win32.x86_64_1.2.1200.v20250212-0927;C:\Users\Glenn\AppData\Local\Temp\jna-68888000;C:\Users\Glenn\.gradle\native\c067742578af261105cb4f569cf0c3c89f3d7b1fecec35dd04571415982c5e48\windows-amd64

VM Arguments:
jvm_args: --add-modules=ALL-SYSTEM --add-opens=java.base/java.util=ALL-UNNAMED --add-opens=java.base/java.lang=ALL-UNNAMED --add-opens=java.base/sun.nio.fs=ALL-UNNAMED -Declipse.application=org.eclipse.jdt.ls.core.id1 -Dosgi.bundles.defaultStartLevel=4 -Declipse.product=org.eclipse.jdt.ls.core.product -Djava.import.generatesMetadataFilesAtProjectRoot=false -DDetectVMInstallationsJob.disabled=true -Dfile.encoding=utf8 -XX:+UseParallelGC -XX:GCTimeRatio=4 -XX:AdaptiveSizePolicyWeight=90 -Dsun.zip.disableMemoryMapping=true -Xmx1G -Xms100m -Xlog:disable -javaagent:c:\Users\Glenn\.vscode\extensions\redhat.java-1.40.0-win32-x64\lombok\lombok-1.18.36.jar -XX:+HeapDumpOnOutOfMemoryError -XX:HeapDumpPath=c:\Users\Glenn\AppData\Roaming\Code\User\workspaceStorage\11c030f12d8044a9e2eeb2ca89decf77\redhat.java -Daether.dependencyCollector.impl=bf 
java_command: c:\Users\Glenn\.vscode\extensions\redhat.java-1.40.0-win32-x64\server\plugins\org.eclipse.equinox.launcher_1.6.1000.v20250131-0606.jar -configuration c:\Users\Glenn\AppData\Roaming\Code\User\globalStorage\redhat.java\1.40.0\config_win -data c:\Users\Glenn\AppData\Roaming\Code\User\workspaceStorage\11c030f12d8044a9e2eeb2ca89decf77\redhat.java\jdt_ws --pipe=\\.\pipe\lsp-c1d7b657107aade684a06914a9148bd6-sock
java_class_path (initial): c:\Users\Glenn\.vscode\extensions\redhat.java-1.40.0-win32-x64\server\plugins\org.eclipse.equinox.launcher_1.6.1000.v20250131-0606.jar
Launcher Type: SUN_STANDARD

[Global flags]
    uintx AdaptiveSizePolicyWeight                 = 90                                        {product} {command line}
     intx CICompilerCount                          = 12                                        {product} {ergonomic}
    uintx GCTimeRatio                              = 4                                         {product} {command line}
     bool HeapDumpOnOutOfMemoryError               = true                                   {manageable} {command line}
    ccstr HeapDumpPath                             = c:\Users\Glenn\AppData\Roaming\Code\User\workspaceStorage\11c030f12d8044a9e2eeb2ca89decf77\redhat.java         {manageable} {command line}
   size_t InitialHeapSize                          = 104857600                                 {product} {command line}
   size_t MaxHeapSize                              = 1073741824                                {product} {command line}
   size_t MaxNewSize                               = 357564416                                 {product} {ergonomic}
   size_t MinHeapDeltaBytes                        = 524288                                    {product} {ergonomic}
   size_t MinHeapSize                              = 104857600                                 {product} {command line}
   size_t NewSize                                  = 34603008                                  {product} {ergonomic}
    uintx NonNMethodCodeHeapSize                   = 7602480                                {pd product} {ergonomic}
    uintx NonProfiledCodeHeapSize                  = 122027880                              {pd product} {ergonomic}
   size_t OldSize                                  = 70254592                                  {product} {ergonomic}
    uintx ProfiledCodeHeapSize                     = 122027880                              {pd product} {ergonomic}
    uintx ReservedCodeCacheSize                    = 251658240                              {pd product} {ergonomic}
     bool SegmentedCodeCache                       = true                                      {product} {ergonomic}
   size_t SoftMaxHeapSize                          = 1073741824                             {manageable} {ergonomic}
     bool UseCompressedOops                        = true                           {product lp64_product} {ergonomic}
     bool UseLargePagesIndividualAllocation        = false                                  {pd product} {ergonomic}
     bool UseParallelGC                            = true                                      {product} {command line}

Logging:
Log output configuration:
 #0: stdout all=off uptime,level,tags foldmultilines=false
 #1: stderr all=off uptime,level,tags foldmultilines=false

Environment Variables:
PATH=C:\Program Files (x86)\VMware\VMware Player\bin\;C:\Program Files\Common Files\Oracle\Java\javapath;C:\WINDOWS\system32;C:\WINDOWS;C:\WINDOWS\System32\Wbem;C:\WINDOWS\System32\WindowsPowerShell\v1.0\;C:\WINDOWS\System32\OpenSSH\;C:\Program Files (x86)\NVIDIA Corporation\PhysX\Common;C:\Program Files\Git\cmd;C:\Program Files\NVIDIA Corporation\NVIDIA app\NvDLISR;C:\Users\Glenn\AppData\Local\Microsoft\WindowsApps;C:\Users\Glenn\AppData\Local\Programs\Microsoft VS Code\bin;
USERNAME=Glenn
OS=Windows_NT
PROCESSOR_IDENTIFIER=AMD64 Family 25 Model 97 Stepping 2, AuthenticAMD
TMP=C:\Users\Glenn\AppData\Local\Temp
TEMP=C:\Users\Glenn\AppData\Local\Temp




Periodic native trim disabled

---------------  S Y S T E M  ---------------

OS:
 Windows 11 , 64 bit Build 26100 (10.0.26100.3323)
OS uptime: 2 days 11:39 hours
Hyper-V role detected

CPU: total 16 (initial active 16) (16 cores per cpu, 2 threads per core) family 25 model 97 stepping 2 microcode 0xa601206, cx8, cmov, fxsr, ht, mmx, 3dnowpref, sse, sse2, sse3, ssse3, sse4a, sse4.1, sse4.2, popcnt, lzcnt, tsc, tscinvbit, avx, avx2, aes, erms, clmul, bmi1, bmi2, adx, avx512f, avx512dq, avx512cd, avx512bw, avx512vl, sha, fma, vzeroupper, avx512_vpopcntdq, avx512_vpclmulqdq, avx512_vaes, avx512_vnni, clflush, clflushopt, avx512_vbmi2, avx512_vbmi, hv, rdtscp, rdpid, fsrm, gfni, avx512_bitalg, f16c, cet_ss, avx512_ifma
Processor Information for the first 16 processors :
  Max Mhz: 3801, Current Mhz: 3801, Mhz Limit: 3801

Memory: 4k page, system-wide physical 31894M (17330M free)
TotalPageFile size 45718M (AvailPageFile size 18053M)
current process WorkingSet (physical memory assigned to process): 725M, peak: 1106M
current process commit charge ("private bytes"): 881M, peak: 1036M

vm_info: OpenJDK 64-Bit Server VM (21.0.6+7-LTS) for windows-amd64 JRE (21.0.6+7-LTS), built on 2025-01-21T00:00:00Z by "admin" with MS VC++ 17.7 (VS2022)

END.
